[debug] > Exec(;set _root_.scala.collection.Seq(historyPath := None,shellPrompt := { _ => "" },SettingKey[_root_.scala.Option[_root_.sbt.File]]("sbtStructureOutputFile") in _root_.sbt.Global := _root_.scala.Some(_root_.sbt.file("C:/Users/aksak/AppData/Local/Temp/sbt-structure.xml")),SettingKey[_root_.java.lang.String]("sbtStructureOptions") in _root_.sbt.Global := "download, resolveSourceClassifiers, insertProjectTransitiveDependencies");apply -cp "C:/Users/aksak/AppData/Roaming/JetBrains/IntelliJIdea2024.1/plugins/Scala/repo/org/jetbrains/scala/sbt-structure-extractor_2.12_1.3/2024.1.2/sbt-structure-extractor-2024.1.2.jar" "org.jetbrains.sbt.CreateTasks" "sbt.jetbrains.LogDownloadArtifacts";preferScala2;*/*:dumpStructure, Some(6e393072-2c9c-4348-b044-b4b8e30160e2), Some(CommandSource(console0)))
[debug] > Exec(set _root_.scala.collection.Seq(historyPath := None,shellPrompt := { _ => "" },SettingKey[_root_.scala.Option[_root_.sbt.File]]("sbtStructureOutputFile") in _root_.sbt.Global := _root_.scala.Some(_root_.sbt.file("C:/Users/aksak/AppData/Local/Temp/sbt-structure.xml")),SettingKey[_root_.java.lang.String]("sbtStructureOptions") in _root_.sbt.Global := "download, resolveSourceClassifiers, insertProjectTransitiveDependencies"), None, Some(CommandSource(console0)))
[info] Defining Global / sbtStructureOptions, Global / sbtStructureOutputFile and 1 others.
[info] The new values will be used by cleanKeepGlobs
[info] 	Run `last` for details.
[debug] Defining 
[debug] 	Global / sbtStructureOptions
[debug] 	Global / sbtStructureOutputFile
[debug] 	history
[debug] 	shellPrompt
[debug] 
[debug] The new values will be used by 
[debug] 	cleanKeepGlobs
[info] Reapplying settings...
[info] set current project to CensusIncome (in build file:/C:/Personal/Code/GitHub/metu/metu-ceng790-term-project-census-income/CensusIncome/)
[debug] > Exec(apply -cp "C:/Users/aksak/AppData/Roaming/JetBrains/IntelliJIdea2024.1/plugins/Scala/repo/org/jetbrains/scala/sbt-structure-extractor_2.12_1.3/2024.1.2/sbt-structure-extractor-2024.1.2.jar" "org.jetbrains.sbt.CreateTasks" "sbt.jetbrains.LogDownloadArtifacts", None, Some(CommandSource(console0)))
[info] Applying State transformations org.jetbrains.sbt.CreateTasks, sbt.jetbrains.LogDownloadArtifacts from C:/Users/aksak/AppData/Roaming/JetBrains/IntelliJIdea2024.1/plugins/Scala/repo/org/jetbrains/scala/sbt-structure-extractor_2.12_1.3/2024.1.2/sbt-structure-extractor-2024.1.2.jar
[info] Reapplying settings...
[info] set current project to CensusIncome (in build file:/C:/Personal/Code/GitHub/metu/metu-ceng790-term-project-census-income/CensusIncome/)
[info] Reapplying settings...
[info] set current project to CensusIncome (in build file:/C:/Personal/Code/GitHub/metu/metu-ceng790-term-project-census-income/CensusIncome/)
[debug] > Exec(preferScala2, None, Some(CommandSource(console0)))
[debug] > Exec(*/*:dumpStructure, None, Some(CommandSource(console0)))
[debug] Evaluating tasks: Global / dumpStructure
[warn] sbt 0.13 shell syntax is deprecated; use slash syntax instead: Global / dumpStructure
[debug] Running task... Cancel: Signal, check cycles: false, forcegc: true
[info] downloading https://repo1.maven.org/maven2/org/apache/spark/spark-mllib_2.12/3.3.4/spark-mllib_2.12-3.3.4.pom
[info] downloading https://repo1.maven.org/maven2/org/apache/spark/spark-core_2.12/3.3.4/spark-core_2.12-3.3.4.pom
[info] downloading https://repo1.maven.org/maven2/org/apache/spark/spark-sql_2.12/3.3.4/spark-sql_2.12-3.3.4.pom
[info] downloaded https://repo1.maven.org/maven2/org/apache/spark/spark-sql_2.12/3.3.4/spark-sql_2.12-3.3.4.pom
[info] downloaded https://repo1.maven.org/maven2/org/apache/spark/spark-mllib_2.12/3.3.4/spark-mllib_2.12-3.3.4.pom
[info] downloaded https://repo1.maven.org/maven2/org/apache/spark/spark-core_2.12/3.3.4/spark-core_2.12-3.3.4.pom
[info] downloading https://repo1.maven.org/maven2/org/apache/spark/spark-parent_2.12/3.3.4/spark-parent_2.12-3.3.4.pom
[info] downloaded https://repo1.maven.org/maven2/org/apache/spark/spark-parent_2.12/3.3.4/spark-parent_2.12-3.3.4.pom
[info] downloading https://repo1.maven.org/maven2/commons-codec/commons-codec/1.15/commons-codec-1.15.pom
[info] downloading https://repo1.maven.org/maven2/org/slf4j/jcl-over-slf4j/1.7.32/jcl-over-slf4j-1.7.32.pom
[info] downloading https://repo1.maven.org/maven2/io/dropwizard/metrics/metrics-core/4.2.7/metrics-core-4.2.7.pom
[info] downloading https://repo1.maven.org/maven2/org/apache/avro/avro/1.11.0/avro-1.11.0.pom
[info] downloading https://repo1.maven.org/maven2/org/apache/spark/spark-unsafe_2.12/3.3.4/spark-unsafe_2.12-3.3.4.pom
[info] downloading https://repo1.maven.org/maven2/org/apache/commons/commons-collections4/4.4/commons-collections4-4.4.pom
[info] downloaded https://repo1.maven.org/maven2/commons-codec/commons-codec/1.15/commons-codec-1.15.pom
[info] downloading https://repo1.maven.org/maven2/com/fasterxml/jackson/core/jackson-databind/2.13.4.2/jackson-databind-2.13.4.2.pom
[info] downloaded https://repo1.maven.org/maven2/com/fasterxml/jackson/core/jackson-databind/2.13.4.2/jackson-databind-2.13.4.2.pom
[info] downloading https://repo1.maven.org/maven2/com/twitter/chill_2.12/0.10.0/chill_2.12-0.10.0.pom
[info] downloaded https://repo1.maven.org/maven2/org/apache/avro/avro/1.11.0/avro-1.11.0.pom
[info] downloading https://repo1.maven.org/maven2/org/apache/spark/spark-tags_2.12/3.3.4/spark-tags_2.12-3.3.4.pom
[info] downloaded https://repo1.maven.org/maven2/io/dropwizard/metrics/metrics-core/4.2.7/metrics-core-4.2.7.pom
[info] downloading https://repo1.maven.org/maven2/org/apache/spark/spark-network-shuffle_2.12/3.3.4/spark-network-shuffle_2.12-3.3.4.pom
[info] downloaded https://repo1.maven.org/maven2/org/slf4j/jcl-over-slf4j/1.7.32/jcl-over-slf4j-1.7.32.pom
[info] downloading https://repo1.maven.org/maven2/io/netty/netty-all/4.1.74.Final/netty-all-4.1.74.Final.pom
[info] downloaded https://repo1.maven.org/maven2/com/twitter/chill_2.12/0.10.0/chill_2.12-0.10.0.pom
[info] downloading https://repo1.maven.org/maven2/org/apache/zookeeper/zookeeper/3.6.2/zookeeper-3.6.2.pom
[info] downloaded https://repo1.maven.org/maven2/org/apache/commons/commons-collections4/4.4/commons-collections4-4.4.pom
[info] downloading https://repo1.maven.org/maven2/org/slf4j/slf4j-api/1.7.32/slf4j-api-1.7.32.pom
[info] downloaded https://repo1.maven.org/maven2/org/apache/zookeeper/zookeeper/3.6.2/zookeeper-3.6.2.pom
[info] downloading https://repo1.maven.org/maven2/org/roaringbitmap/RoaringBitmap/0.9.25/RoaringBitmap-0.9.25.pom
[info] downloaded https://repo1.maven.org/maven2/io/netty/netty-all/4.1.74.Final/netty-all-4.1.74.Final.pom
[info] downloading https://repo1.maven.org/maven2/org/apache/hadoop/hadoop-client-runtime/3.3.2/hadoop-client-runtime-3.3.2.pom
[info] downloaded https://repo1.maven.org/maven2/org/slf4j/slf4j-api/1.7.32/slf4j-api-1.7.32.pom
[info] downloading https://repo1.maven.org/maven2/net/razorvine/pickle/1.2/pickle-1.2.pom
[info] downloaded https://repo1.maven.org/maven2/org/apache/spark/spark-unsafe_2.12/3.3.4/spark-unsafe_2.12-3.3.4.pom
[info] downloading https://repo1.maven.org/maven2/org/glassfish/jersey/core/jersey-server/2.36/jersey-server-2.36.pom
[info] downloaded https://repo1.maven.org/maven2/org/apache/spark/spark-tags_2.12/3.3.4/spark-tags_2.12-3.3.4.pom
[info] downloading https://repo1.maven.org/maven2/org/apache/hadoop/hadoop-client-api/3.3.2/hadoop-client-api-3.3.2.pom
[info] downloaded https://repo1.maven.org/maven2/org/roaringbitmap/RoaringBitmap/0.9.25/RoaringBitmap-0.9.25.pom
[info] downloading https://repo1.maven.org/maven2/org/slf4j/jul-to-slf4j/1.7.32/jul-to-slf4j-1.7.32.pom
[info] downloaded https://repo1.maven.org/maven2/org/apache/spark/spark-network-shuffle_2.12/3.3.4/spark-network-shuffle_2.12-3.3.4.pom
[info] downloading https://repo1.maven.org/maven2/dev/ludovic/netlib/arpack/2.2.1/arpack-2.2.1.pom
[info] downloaded https://repo1.maven.org/maven2/net/razorvine/pickle/1.2/pickle-1.2.pom
[info] downloading https://repo1.maven.org/maven2/org/apache/spark/spark-streaming_2.12/3.3.4/spark-streaming_2.12-3.3.4.pom
[info] downloaded https://repo1.maven.org/maven2/org/apache/hadoop/hadoop-client-runtime/3.3.2/hadoop-client-runtime-3.3.2.pom
[info] downloading https://repo1.maven.org/maven2/org/lz4/lz4-java/1.8.0/lz4-java-1.8.0.pom
[info] downloaded https://repo1.maven.org/maven2/org/glassfish/jersey/core/jersey-server/2.36/jersey-server-2.36.pom
[info] downloading https://repo1.maven.org/maven2/org/apache/parquet/parquet-hadoop/1.12.2/parquet-hadoop-1.12.2.pom
[info] downloaded https://repo1.maven.org/maven2/org/apache/hadoop/hadoop-client-api/3.3.2/hadoop-client-api-3.3.2.pom
[info] downloading https://repo1.maven.org/maven2/com/fasterxml/jackson/module/jackson-module-scala_2.12/2.13.4/jackson-module-scala_2.12-2.13.4.pom
[info] downloaded https://repo1.maven.org/maven2/org/slf4j/jul-to-slf4j/1.7.32/jul-to-slf4j-1.7.32.pom
[info] downloading https://repo1.maven.org/maven2/com/ning/compress-lzf/1.1/compress-lzf-1.1.pom
[info] downloaded https://repo1.maven.org/maven2/dev/ludovic/netlib/arpack/2.2.1/arpack-2.2.1.pom
[info] downloading https://repo1.maven.org/maven2/org/apache/spark/spark-sketch_2.12/3.3.4/spark-sketch_2.12-3.3.4.pom
[info] downloaded https://repo1.maven.org/maven2/org/lz4/lz4-java/1.8.0/lz4-java-1.8.0.pom
[info] downloading https://repo1.maven.org/maven2/org/apache/logging/log4j/log4j-api/2.17.2/log4j-api-2.17.2.pom
[info] downloaded https://repo1.maven.org/maven2/org/apache/parquet/parquet-hadoop/1.12.2/parquet-hadoop-1.12.2.pom
[info] downloading https://repo1.maven.org/maven2/org/xerial/snappy/snappy-java/1.1.8.4/snappy-java-1.1.8.4.pom
[info] downloaded https://repo1.maven.org/maven2/com/ning/compress-lzf/1.1/compress-lzf-1.1.pom
[info] downloading https://repo1.maven.org/maven2/org/glassfish/jersey/containers/jersey-container-servlet/2.36/jersey-container-servlet-2.36.pom
[info] downloaded https://repo1.maven.org/maven2/com/fasterxml/jackson/module/jackson-module-scala_2.12/2.13.4/jackson-module-scala_2.12-2.13.4.pom
[info] downloading https://repo1.maven.org/maven2/org/apache/spark/spark-network-common_2.12/3.3.4/spark-network-common_2.12-3.3.4.pom
[info] downloaded https://repo1.maven.org/maven2/org/apache/logging/log4j/log4j-api/2.17.2/log4j-api-2.17.2.pom
[info] downloading https://repo1.maven.org/maven2/com/github/luben/zstd-jni/1.5.2-1/zstd-jni-1.5.2-1.pom
[info] downloaded https://repo1.maven.org/maven2/org/apache/spark/spark-streaming_2.12/3.3.4/spark-streaming_2.12-3.3.4.pom
[info] downloading https://repo1.maven.org/maven2/org/apache/xbean/xbean-asm9-shaded/4.20/xbean-asm9-shaded-4.20.pom
[info] downloaded https://repo1.maven.org/maven2/org/xerial/snappy/snappy-java/1.1.8.4/snappy-java-1.1.8.4.pom
[info] downloading https://repo1.maven.org/maven2/org/apache/orc/orc-mapreduce/1.7.10/orc-mapreduce-1.7.10.pom
[info] downloaded https://repo1.maven.org/maven2/org/glassfish/jersey/containers/jersey-container-servlet/2.36/jersey-container-servlet-2.36.pom
[info] downloading https://repo1.maven.org/maven2/org/apache/logging/log4j/log4j-1.2-api/2.17.2/log4j-1.2-api-2.17.2.pom
[info] downloaded https://repo1.maven.org/maven2/com/github/luben/zstd-jni/1.5.2-1/zstd-jni-1.5.2-1.pom
[info] downloading https://repo1.maven.org/maven2/org/apache/commons/commons-lang3/3.12.0/commons-lang3-3.12.0.pom
[info] downloaded https://repo1.maven.org/maven2/org/apache/spark/spark-sketch_2.12/3.3.4/spark-sketch_2.12-3.3.4.pom
[info] downloading https://repo1.maven.org/maven2/dev/ludovic/netlib/lapack/2.2.1/lapack-2.2.1.pom
[info] downloaded https://repo1.maven.org/maven2/org/apache/xbean/xbean-asm9-shaded/4.20/xbean-asm9-shaded-4.20.pom
[info] downloading https://repo1.maven.org/maven2/org/apache/avro/avro-mapred/1.11.0/avro-mapred-1.11.0.pom
[info] downloaded https://repo1.maven.org/maven2/org/apache/logging/log4j/log4j-1.2-api/2.17.2/log4j-1.2-api-2.17.2.pom
[info] downloading https://repo1.maven.org/maven2/io/dropwizard/metrics/metrics-json/4.2.7/metrics-json-4.2.7.pom
[info] downloaded https://repo1.maven.org/maven2/dev/ludovic/netlib/lapack/2.2.1/lapack-2.2.1.pom
[info] downloading https://repo1.maven.org/maven2/org/apache/logging/log4j/log4j-core/2.17.2/log4j-core-2.17.2.pom
[info] downloaded https://repo1.maven.org/maven2/org/apache/spark/spark-network-common_2.12/3.3.4/spark-network-common_2.12-3.3.4.pom
[info] downloading https://repo1.maven.org/maven2/org/glassfish/jersey/inject/jersey-hk2/2.36/jersey-hk2-2.36.pom
[info] downloaded https://repo1.maven.org/maven2/org/apache/avro/avro-mapred/1.11.0/avro-mapred-1.11.0.pom
[info] downloading https://repo1.maven.org/maven2/io/dropwizard/metrics/metrics-jmx/4.2.7/metrics-jmx-4.2.7.pom
[info] downloaded https://repo1.maven.org/maven2/org/apache/commons/commons-lang3/3.12.0/commons-lang3-3.12.0.pom
[info] downloading https://repo1.maven.org/maven2/net/sf/py4j/py4j/0.10.9.5/py4j-0.10.9.5.pom
[info] downloaded https://repo1.maven.org/maven2/org/apache/orc/orc-mapreduce/1.7.10/orc-mapreduce-1.7.10.pom
[info] downloading https://repo1.maven.org/maven2/org/apache/spark/spark-launcher_2.12/3.3.4/spark-launcher_2.12-3.3.4.pom
[info] downloaded https://repo1.maven.org/maven2/io/dropwizard/metrics/metrics-json/4.2.7/metrics-json-4.2.7.pom
[info] downloading https://repo1.maven.org/maven2/com/twitter/chill-java/0.10.0/chill-java-0.10.0.pom
[info] downloaded https://repo1.maven.org/maven2/org/glassfish/jersey/inject/jersey-hk2/2.36/jersey-hk2-2.36.pom
[info] downloading https://repo1.maven.org/maven2/org/apache/spark/spark-mllib-local_2.12/3.3.4/spark-mllib-local_2.12-3.3.4.pom
[info] downloaded https://repo1.maven.org/maven2/org/apache/logging/log4j/log4j-core/2.17.2/log4j-core-2.17.2.pom
[info] downloading https://repo1.maven.org/maven2/org/glassfish/jersey/containers/jersey-container-servlet-core/2.36/jersey-container-servlet-core-2.36.pom
[info] downloaded https://repo1.maven.org/maven2/io/dropwizard/metrics/metrics-jmx/4.2.7/metrics-jmx-4.2.7.pom
[info] downloading https://repo1.maven.org/maven2/io/dropwizard/metrics/metrics-jvm/4.2.7/metrics-jvm-4.2.7.pom
[info] downloaded https://repo1.maven.org/maven2/net/sf/py4j/py4j/0.10.9.5/py4j-0.10.9.5.pom
[info] downloading https://repo1.maven.org/maven2/commons-io/commons-io/2.11.0/commons-io-2.11.0.pom
[info] downloaded https://repo1.maven.org/maven2/com/twitter/chill-java/0.10.0/chill-java-0.10.0.pom
[info] downloading https://repo1.maven.org/maven2/dev/ludovic/netlib/blas/2.2.1/blas-2.2.1.pom
[info] downloaded https://repo1.maven.org/maven2/org/glassfish/jersey/containers/jersey-container-servlet-core/2.36/jersey-container-servlet-core-2.36.pom
[info] downloading https://repo1.maven.org/maven2/org/scalanlp/breeze_2.12/1.2/breeze_2.12-1.2.pom
[info] downloaded https://repo1.maven.org/maven2/io/dropwizard/metrics/metrics-jvm/4.2.7/metrics-jvm-4.2.7.pom
[info] downloading https://repo1.maven.org/maven2/org/apache/spark/spark-graphx_2.12/3.3.4/spark-graphx_2.12-3.3.4.pom
[info] downloaded https://repo1.maven.org/maven2/commons-io/commons-io/2.11.0/commons-io-2.11.0.pom
[info] downloading https://repo1.maven.org/maven2/org/apache/orc/orc-core/1.7.10/orc-core-1.7.10.pom
[info] downloaded https://repo1.maven.org/maven2/dev/ludovic/netlib/blas/2.2.1/blas-2.2.1.pom
[info] downloading https://repo1.maven.org/maven2/org/apache/spark/spark-catalyst_2.12/3.3.4/spark-catalyst_2.12-3.3.4.pom
[info] downloaded https://repo1.maven.org/maven2/org/scalanlp/breeze_2.12/1.2/breeze_2.12-1.2.pom
[info] downloading https://repo1.maven.org/maven2/org/glassfish/jersey/core/jersey-client/2.36/jersey-client-2.36.pom
[info] downloaded https://repo1.maven.org/maven2/org/apache/spark/spark-launcher_2.12/3.3.4/spark-launcher_2.12-3.3.4.pom
[info] downloading https://repo1.maven.org/maven2/org/json4s/json4s-jackson_2.12/3.7.0-M11/json4s-jackson_2.12-3.7.0-M11.pom
[info] downloaded https://repo1.maven.org/maven2/org/apache/spark/spark-mllib-local_2.12/3.3.4/spark-mllib-local_2.12-3.3.4.pom
[info] downloading https://repo1.maven.org/maven2/org/glassfish/jersey/core/jersey-common/2.36/jersey-common-2.36.pom
[info] downloaded https://repo1.maven.org/maven2/org/glassfish/jersey/core/jersey-client/2.36/jersey-client-2.36.pom
[info] downloading https://repo1.maven.org/maven2/org/rocksdb/rocksdbjni/6.20.3/rocksdbjni-6.20.3.pom
[info] downloaded https://repo1.maven.org/maven2/org/json4s/json4s-jackson_2.12/3.7.0-M11/json4s-jackson_2.12-3.7.0-M11.pom
[info] downloading https://repo1.maven.org/maven2/org/apache/commons/commons-text/1.10.0/commons-text-1.10.0.pom
[info] downloaded https://repo1.maven.org/maven2/org/glassfish/jersey/core/jersey-common/2.36/jersey-common-2.36.pom
[info] downloading https://repo1.maven.org/maven2/org/apache/commons/commons-math3/3.6.1/commons-math3-3.6.1.pom
[info] downloaded https://repo1.maven.org/maven2/org/apache/spark/spark-graphx_2.12/3.3.4/spark-graphx_2.12-3.3.4.pom
[info] downloading https://repo1.maven.org/maven2/io/dropwizard/metrics/metrics-graphite/4.2.7/metrics-graphite-4.2.7.pom
[info] downloaded https://repo1.maven.org/maven2/org/apache/orc/orc-core/1.7.10/orc-core-1.7.10.pom
[info] downloading https://repo1.maven.org/maven2/org/apache/spark/spark-kvstore_2.12/3.3.4/spark-kvstore_2.12-3.3.4.pom
[info] downloaded https://repo1.maven.org/maven2/org/rocksdb/rocksdbjni/6.20.3/rocksdbjni-6.20.3.pom
[info] downloading https://repo1.maven.org/maven2/org/apache/ivy/ivy/2.5.1/ivy-2.5.1.pom
[info] downloaded https://repo1.maven.org/maven2/org/apache/commons/commons-text/1.10.0/commons-text-1.10.0.pom
[info] downloading https://repo1.maven.org/maven2/org/apache/parquet/parquet-column/1.12.2/parquet-column-1.12.2.pom
[info] downloaded https://repo1.maven.org/maven2/org/apache/spark/spark-catalyst_2.12/3.3.4/spark-catalyst_2.12-3.3.4.pom
[info] downloading https://repo1.maven.org/maven2/org/apache/logging/log4j/log4j-slf4j-impl/2.17.2/log4j-slf4j-impl-2.17.2.pom
[info] downloaded https://repo1.maven.org/maven2/io/dropwizard/metrics/metrics-graphite/4.2.7/metrics-graphite-4.2.7.pom
[info] downloaded https://repo1.maven.org/maven2/org/apache/commons/commons-math3/3.6.1/commons-math3-3.6.1.pom
[info] downloaded https://repo1.maven.org/maven2/org/apache/ivy/ivy/2.5.1/ivy-2.5.1.pom
[info] downloaded https://repo1.maven.org/maven2/org/apache/parquet/parquet-column/1.12.2/parquet-column-1.12.2.pom
[info] downloaded https://repo1.maven.org/maven2/org/apache/logging/log4j/log4j-slf4j-impl/2.17.2/log4j-slf4j-impl-2.17.2.pom
[info] downloaded https://repo1.maven.org/maven2/org/apache/spark/spark-kvstore_2.12/3.3.4/spark-kvstore_2.12-3.3.4.pom
[info] downloading https://repo1.maven.org/maven2/org/apache/zookeeper/parent/3.6.2/parent-3.6.2.pom
[info] downloading https://repo1.maven.org/maven2/org/glassfish/jersey/inject/project/2.36/project-2.36.pom
[info] downloading https://repo1.maven.org/maven2/com/fasterxml/oss-parent/41/oss-parent-41.pom
[info] downloading https://repo1.maven.org/maven2/io/dropwizard/metrics/metrics-parent/4.2.7/metrics-parent-4.2.7.pom
[info] downloading https://repo1.maven.org/maven2/org/apache/hadoop/hadoop-project/3.3.2/hadoop-project-3.3.2.pom
[info] downloading https://repo1.maven.org/maven2/org/apache/xbean/xbean/4.20/xbean-4.20.pom
[info] downloaded https://repo1.maven.org/maven2/org/glassfish/jersey/inject/project/2.36/project-2.36.pom
[info] downloading https://repo1.maven.org/maven2/org/apache/avro/avro-parent/1.11.0/avro-parent-1.11.0.pom
[info] downloaded https://repo1.maven.org/maven2/io/dropwizard/metrics/metrics-parent/4.2.7/metrics-parent-4.2.7.pom
[info] downloading https://repo1.maven.org/maven2/org/apache/parquet/parquet/1.12.2/parquet-1.12.2.pom
[info] downloaded https://repo1.maven.org/maven2/com/fasterxml/oss-parent/41/oss-parent-41.pom
[info] downloading https://repo1.maven.org/maven2/org/apache/logging/log4j/log4j/2.17.2/log4j-2.17.2.pom
[info] downloaded https://repo1.maven.org/maven2/org/apache/hadoop/hadoop-project/3.3.2/hadoop-project-3.3.2.pom
[info] downloading https://repo1.maven.org/maven2/org/glassfish/jersey/containers/project/2.36/project-2.36.pom
[info] downloaded https://repo1.maven.org/maven2/org/apache/zookeeper/parent/3.6.2/parent-3.6.2.pom
[info] downloading https://repo1.maven.org/maven2/com/fasterxml/jackson/jackson-base/2.13.4/jackson-base-2.13.4.pom
[info] downloaded https://repo1.maven.org/maven2/org/apache/parquet/parquet/1.12.2/parquet-1.12.2.pom
[info] downloading https://repo1.maven.org/maven2/org/slf4j/slf4j-parent/1.7.32/slf4j-parent-1.7.32.pom
[info] downloaded https://repo1.maven.org/maven2/org/glassfish/jersey/containers/project/2.36/project-2.36.pom
[info] downloading https://repo1.maven.org/maven2/dev/ludovic/netlib/parent/2.2.1/parent-2.2.1.pom
[info] downloaded https://repo1.maven.org/maven2/org/apache/avro/avro-parent/1.11.0/avro-parent-1.11.0.pom
[info] downloading https://repo1.maven.org/maven2/org/apache/orc/orc/1.7.10/orc-1.7.10.pom
[info] downloaded https://repo1.maven.org/maven2/com/fasterxml/jackson/jackson-base/2.13.4/jackson-base-2.13.4.pom
[info] downloading https://repo1.maven.org/maven2/org/glassfish/jersey/project/2.36/project-2.36.pom
[info] downloaded https://repo1.maven.org/maven2/org/apache/logging/log4j/log4j/2.17.2/log4j-2.17.2.pom
[info] downloading https://repo1.maven.org/maven2/org/apache/commons/commons-parent/54/commons-parent-54.pom
[info] downloaded https://repo1.maven.org/maven2/dev/ludovic/netlib/parent/2.2.1/parent-2.2.1.pom
[info] downloaded https://repo1.maven.org/maven2/org/apache/xbean/xbean/4.20/xbean-4.20.pom
[info] downloaded https://repo1.maven.org/maven2/org/slf4j/slf4j-parent/1.7.32/slf4j-parent-1.7.32.pom
[info] downloaded https://repo1.maven.org/maven2/org/glassfish/jersey/project/2.36/project-2.36.pom
[info] downloaded https://repo1.maven.org/maven2/org/apache/orc/orc/1.7.10/orc-1.7.10.pom
[info] downloaded https://repo1.maven.org/maven2/org/apache/commons/commons-parent/54/commons-parent-54.pom
[info] downloading https://repo1.maven.org/maven2/org/apache/commons/commons-parent/48/commons-parent-48.pom
[info] downloaded https://repo1.maven.org/maven2/org/apache/commons/commons-parent/48/commons-parent-48.pom
[info] downloading https://repo1.maven.org/maven2/org/apache/apache/27/apache-27.pom
[info] downloading https://repo1.maven.org/maven2/org/apache/hadoop/hadoop-main/3.3.2/hadoop-main-3.3.2.pom
[info] downloading https://repo1.maven.org/maven2/org/apache/logging/logging-parent/5/logging-parent-5.pom
[info] downloading https://repo1.maven.org/maven2/com/fasterxml/jackson/jackson-bom/2.13.4/jackson-bom-2.13.4.pom
[info] downloading https://repo1.maven.org/maven2/org/eclipse/ee4j/project/1.0.7/project-1.0.7.pom
[info] downloading https://repo1.maven.org/maven2/org/apache/avro/avro-toplevel/1.11.0/avro-toplevel-1.11.0.pom
[info] downloaded https://repo1.maven.org/maven2/org/apache/logging/logging-parent/5/logging-parent-5.pom
[info] downloaded https://repo1.maven.org/maven2/org/apache/apache/27/apache-27.pom
[info] downloading https://repo1.maven.org/maven2/org/apache/geronimo/genesis/genesis-java8-flava/2.3/genesis-java8-flava-2.3.pom
[info] downloaded https://repo1.maven.org/maven2/org/eclipse/ee4j/project/1.0.7/project-1.0.7.pom
[info] downloaded https://repo1.maven.org/maven2/com/fasterxml/jackson/jackson-bom/2.13.4/jackson-bom-2.13.4.pom
[info] downloaded https://repo1.maven.org/maven2/org/apache/hadoop/hadoop-main/3.3.2/hadoop-main-3.3.2.pom
[info] downloaded https://repo1.maven.org/maven2/org/apache/geronimo/genesis/genesis-java8-flava/2.3/genesis-java8-flava-2.3.pom
[info] downloaded https://repo1.maven.org/maven2/org/apache/avro/avro-toplevel/1.11.0/avro-toplevel-1.11.0.pom
[info] downloading https://repo1.maven.org/maven2/com/fasterxml/jackson/jackson-parent/2.13/jackson-parent-2.13.pom
[info] downloading https://repo1.maven.org/maven2/org/apache/apache/24/apache-24.pom
[info] downloading https://repo1.maven.org/maven2/org/apache/geronimo/genesis/genesis-default-flava/2.3/genesis-default-flava-2.3.pom
[info] downloaded https://repo1.maven.org/maven2/com/fasterxml/jackson/jackson-parent/2.13/jackson-parent-2.13.pom
[info] downloaded https://repo1.maven.org/maven2/org/apache/apache/24/apache-24.pom
[info] downloaded https://repo1.maven.org/maven2/org/apache/geronimo/genesis/genesis-default-flava/2.3/genesis-default-flava-2.3.pom
[info] downloading https://repo1.maven.org/maven2/com/fasterxml/oss-parent/43/oss-parent-43.pom
[info] downloading https://repo1.maven.org/maven2/org/apache/geronimo/genesis/genesis/2.3/genesis-2.3.pom
[info] downloaded https://repo1.maven.org/maven2/org/apache/geronimo/genesis/genesis/2.3/genesis-2.3.pom
[info] downloaded https://repo1.maven.org/maven2/com/fasterxml/oss-parent/43/oss-parent-43.pom
[info] downloading https://repo1.maven.org/maven2/org/junit/junit-bom/5.9.0/junit-bom-5.9.0.pom
[info] downloaded https://repo1.maven.org/maven2/org/junit/junit-bom/5.9.0/junit-bom-5.9.0.pom
[info] downloading https://repo1.maven.org/maven2/com/fasterxml/jackson/jackson-bom/2.12.6/jackson-bom-2.12.6.pom
[info] downloading https://repo1.maven.org/maven2/org/junit/junit-bom/5.7.2/junit-bom-5.7.2.pom
[info] downloading https://repo1.maven.org/maven2/io/dropwizard/metrics/metrics-bom/4.2.7/metrics-bom-4.2.7.pom
[info] downloaded https://repo1.maven.org/maven2/org/junit/junit-bom/5.7.2/junit-bom-5.7.2.pom
[info] downloaded https://repo1.maven.org/maven2/io/dropwizard/metrics/metrics-bom/4.2.7/metrics-bom-4.2.7.pom
[info] downloaded https://repo1.maven.org/maven2/com/fasterxml/jackson/jackson-bom/2.12.6/jackson-bom-2.12.6.pom
[info] downloading https://repo1.maven.org/maven2/org/junit/junit-bom/5.7.1/junit-bom-5.7.1.pom
[info] downloaded https://repo1.maven.org/maven2/org/junit/junit-bom/5.7.1/junit-bom-5.7.1.pom
[info] downloading https://repo1.maven.org/maven2/com/fasterxml/jackson/jackson-parent/2.12/jackson-parent-2.12.pom
[info] downloaded https://repo1.maven.org/maven2/com/fasterxml/jackson/jackson-parent/2.12/jackson-parent-2.12.pom
[info] downloading https://repo1.maven.org/maven2/io/airlift/aircompressor/0.21/aircompressor-0.21.pom
[info] downloading https://repo1.maven.org/maven2/io/netty/netty-handler/4.1.74.Final/netty-handler-4.1.74.Final.pom
[info] downloading https://repo1.maven.org/maven2/org/roaringbitmap/shims/0.9.25/shims-0.9.25.pom
[info] downloading https://repo1.maven.org/maven2/org/apache/arrow/arrow-memory-netty/7.0.0/arrow-memory-netty-7.0.0.pom
[info] downloading https://repo1.maven.org/maven2/io/netty/netty-tcnative-classes/2.0.48.Final/netty-tcnative-classes-2.0.48.Final.pom
[info] downloading https://repo1.maven.org/maven2/com/google/crypto/tink/tink/1.6.1/tink-1.6.1.pom
[info] downloaded https://repo1.maven.org/maven2/com/google/crypto/tink/tink/1.6.1/tink-1.6.1.pom
[info] downloading https://repo1.maven.org/maven2/io/netty/netty-transport-native-unix-common/4.1.74.Final/netty-transport-native-unix-common-4.1.74.Final.pom
[info] downloaded https://repo1.maven.org/maven2/io/airlift/aircompressor/0.21/aircompressor-0.21.pom
[info] downloading https://repo1.maven.org/maven2/io/netty/netty-codec/4.1.74.Final/netty-codec-4.1.74.Final.pom
[info] downloaded https://repo1.maven.org/maven2/org/roaringbitmap/shims/0.9.25/shims-0.9.25.pom
[info] downloading https://repo1.maven.org/maven2/org/apache/parquet/parquet-encoding/1.12.2/parquet-encoding-1.12.2.pom
[info] downloaded https://repo1.maven.org/maven2/org/apache/arrow/arrow-memory-netty/7.0.0/arrow-memory-netty-7.0.0.pom
[info] downloading https://repo1.maven.org/maven2/org/apache/avro/avro-ipc/1.11.0/avro-ipc-1.11.0.pom
[info] downloaded https://repo1.maven.org/maven2/io/netty/netty-tcnative-classes/2.0.48.Final/netty-tcnative-classes-2.0.48.Final.pom
[info] downloading https://repo1.maven.org/maven2/io/netty/netty-transport-classes-kqueue/4.1.74.Final/netty-transport-classes-kqueue-4.1.74.Final.pom
[info] downloaded https://repo1.maven.org/maven2/io/netty/netty-transport-native-unix-common/4.1.74.Final/netty-transport-native-unix-common-4.1.74.Final.pom
[info] downloading https://repo1.maven.org/maven2/org/jetbrains/annotations/17.0.0/annotations-17.0.0.pom
[info] downloaded https://repo1.maven.org/maven2/io/netty/netty-codec/4.1.74.Final/netty-codec-4.1.74.Final.pom
[info] downloading https://repo1.maven.org/maven2/org/apache/arrow/arrow-vector/7.0.0/arrow-vector-7.0.0.pom
[info] downloaded https://repo1.maven.org/maven2/io/netty/netty-transport-classes-kqueue/4.1.74.Final/netty-transport-classes-kqueue-4.1.74.Final.pom
[info] downloading https://repo1.maven.org/maven2/org/apache/orc/orc-shims/1.7.10/orc-shims-1.7.10.pom
[info] downloaded https://repo1.maven.org/maven2/org/apache/parquet/parquet-encoding/1.12.2/parquet-encoding-1.12.2.pom
[info] downloading https://repo1.maven.org/maven2/io/netty/netty-transport/4.1.74.Final/netty-transport-4.1.74.Final.pom
[info] downloaded https://repo1.maven.org/maven2/org/apache/avro/avro-ipc/1.11.0/avro-ipc-1.11.0.pom
[info] downloading https://repo1.maven.org/maven2/org/scalanlp/breeze-macros_2.12/1.2/breeze-macros_2.12-1.2.pom
[info] downloaded https://repo1.maven.org/maven2/org/jetbrains/annotations/17.0.0/annotations-17.0.0.pom
[info] downloading https://repo1.maven.org/maven2/io/netty/netty-transport-classes-epoll/4.1.74.Final/netty-transport-classes-epoll-4.1.74.Final.pom
[info] downloaded https://repo1.maven.org/maven2/io/netty/netty-transport/4.1.74.Final/netty-transport-4.1.74.Final.pom
[info] downloading https://repo1.maven.org/maven2/org/typelevel/spire_2.12/0.17.0/spire_2.12-0.17.0.pom
[info] downloaded https://repo1.maven.org/maven2/org/apache/arrow/arrow-vector/7.0.0/arrow-vector-7.0.0.pom
[info] downloading https://repo1.maven.org/maven2/org/apache/parquet/parquet-format-structures/1.12.2/parquet-format-structures-1.12.2.pom
[info] downloaded https://repo1.maven.org/maven2/org/scalanlp/breeze-macros_2.12/1.2/breeze-macros_2.12-1.2.pom
[info] downloading https://repo1.maven.org/maven2/io/netty/netty-transport-native-kqueue/4.1.74.Final/netty-transport-native-kqueue-4.1.74.Final.pom
[info] downloaded https://repo1.maven.org/maven2/io/netty/netty-handler/4.1.74.Final/netty-handler-4.1.74.Final.pom
[info] downloading https://repo1.maven.org/maven2/io/netty/netty-common/4.1.74.Final/netty-common-4.1.74.Final.pom
[info] downloaded https://repo1.maven.org/maven2/io/netty/netty-transport-classes-epoll/4.1.74.Final/netty-transport-classes-epoll-4.1.74.Final.pom
[info] downloading https://repo1.maven.org/maven2/org/apache/parquet/parquet-common/1.12.2/parquet-common-1.12.2.pom
[info] downloaded https://repo1.maven.org/maven2/org/typelevel/spire_2.12/0.17.0/spire_2.12-0.17.0.pom
[info] downloading https://repo1.maven.org/maven2/com/fasterxml/jackson/core/jackson-annotations/2.13.4/jackson-annotations-2.13.4.pom
[info] downloaded https://repo1.maven.org/maven2/org/apache/orc/orc-shims/1.7.10/orc-shims-1.7.10.pom
[info] downloading https://repo1.maven.org/maven2/com/fasterxml/jackson/core/jackson-core/2.13.4/jackson-core-2.13.4.pom
[info] downloaded https://repo1.maven.org/maven2/org/apache/parquet/parquet-format-structures/1.12.2/parquet-format-structures-1.12.2.pom
[info] downloading https://repo1.maven.org/maven2/org/apache/zookeeper/zookeeper-jute/3.6.2/zookeeper-jute-3.6.2.pom
[info] downloaded https://repo1.maven.org/maven2/io/netty/netty-common/4.1.74.Final/netty-common-4.1.74.Final.pom
[info] downloading https://repo1.maven.org/maven2/org/apache/commons/commons-compress/1.21/commons-compress-1.21.pom
[info] downloaded https://repo1.maven.org/maven2/io/netty/netty-transport-native-kqueue/4.1.74.Final/netty-transport-native-kqueue-4.1.74.Final.pom
[info] downloading https://repo1.maven.org/maven2/commons-logging/commons-logging/1.1.3/commons-logging-1.1.3.pom
[info] downloaded https://repo1.maven.org/maven2/org/apache/parquet/parquet-common/1.12.2/parquet-common-1.12.2.pom
[info] downloading https://repo1.maven.org/maven2/io/netty/netty-transport-native-epoll/4.1.74.Final/netty-transport-native-epoll-4.1.74.Final.pom
[info] downloaded https://repo1.maven.org/maven2/com/fasterxml/jackson/core/jackson-core/2.13.4/jackson-core-2.13.4.pom
[info] downloaded https://repo1.maven.org/maven2/com/fasterxml/jackson/core/jackson-annotations/2.13.4/jackson-annotations-2.13.4.pom
[info] downloaded https://repo1.maven.org/maven2/org/apache/zookeeper/zookeeper-jute/3.6.2/zookeeper-jute-3.6.2.pom
[info] downloading https://repo1.maven.org/maven2/org/json4s/json4s-core_2.12/3.7.0-M11/json4s-core_2.12-3.7.0-M11.pom
[info] downloading https://repo1.maven.org/maven2/org/apache/parquet/parquet-jackson/1.12.2/parquet-jackson-1.12.2.pom
[info] downloading https://repo1.maven.org/maven2/io/netty/netty-buffer/4.1.74.Final/netty-buffer-4.1.74.Final.pom
[info] downloaded https://repo1.maven.org/maven2/org/apache/commons/commons-compress/1.21/commons-compress-1.21.pom
[info] downloading https://repo1.maven.org/maven2/org/antlr/antlr4-runtime/4.8/antlr4-runtime-4.8.pom
[info] downloaded https://repo1.maven.org/maven2/commons-logging/commons-logging/1.1.3/commons-logging-1.1.3.pom
[info] downloading https://repo1.maven.org/maven2/io/netty/netty-resolver/4.1.74.Final/netty-resolver-4.1.74.Final.pom
[info] downloaded https://repo1.maven.org/maven2/org/json4s/json4s-core_2.12/3.7.0-M11/json4s-core_2.12-3.7.0-M11.pom
[info] downloaded https://repo1.maven.org/maven2/io/netty/netty-transport-native-epoll/4.1.74.Final/netty-transport-native-epoll-4.1.74.Final.pom
[info] downloaded https://repo1.maven.org/maven2/org/apache/parquet/parquet-jackson/1.12.2/parquet-jackson-1.12.2.pom
[info] downloading https://repo1.maven.org/maven2/org/slf4j/slf4j-api/1.7.35/slf4j-api-1.7.35.pom
[info] downloaded https://repo1.maven.org/maven2/io/netty/netty-buffer/4.1.74.Final/netty-buffer-4.1.74.Final.pom
[info] downloaded https://repo1.maven.org/maven2/org/antlr/antlr4-runtime/4.8/antlr4-runtime-4.8.pom
[info] downloaded https://repo1.maven.org/maven2/io/netty/netty-resolver/4.1.74.Final/netty-resolver-4.1.74.Final.pom
[info] downloaded https://repo1.maven.org/maven2/org/slf4j/slf4j-api/1.7.35/slf4j-api-1.7.35.pom
[info] downloading https://repo1.maven.org/maven2/io/airlift/airbase/112/airbase-112.pom
[info] downloading https://repo1.maven.org/maven2/org/antlr/antlr4-master/4.8/antlr4-master-4.8.pom
[info] downloading https://repo1.maven.org/maven2/org/apache/arrow/arrow-java-root/7.0.0/arrow-java-root-7.0.0.pom
[info] downloading https://repo1.maven.org/maven2/io/netty/netty-parent/4.1.74.Final/netty-parent-4.1.74.Final.pom
[info] downloading https://repo1.maven.org/maven2/org/slf4j/slf4j-parent/1.7.35/slf4j-parent-1.7.35.pom
[info] downloading https://repo1.maven.org/maven2/org/apache/arrow/arrow-memory/7.0.0/arrow-memory-7.0.0.pom
[info] downloaded https://repo1.maven.org/maven2/org/antlr/antlr4-master/4.8/antlr4-master-4.8.pom
[info] downloaded https://repo1.maven.org/maven2/org/slf4j/slf4j-parent/1.7.35/slf4j-parent-1.7.35.pom
[info] downloading https://repo1.maven.org/maven2/org/apache/commons/commons-parent/28/commons-parent-28.pom
[info] downloading https://repo1.maven.org/maven2/io/netty/netty-tcnative-parent/2.0.48.Final/netty-tcnative-parent-2.0.48.Final.pom
[info] downloaded https://repo1.maven.org/maven2/org/apache/arrow/arrow-java-root/7.0.0/arrow-java-root-7.0.0.pom
[info] downloaded https://repo1.maven.org/maven2/io/airlift/airbase/112/airbase-112.pom
[info] downloaded https://repo1.maven.org/maven2/org/apache/commons/commons-parent/28/commons-parent-28.pom
[info] downloaded https://repo1.maven.org/maven2/io/netty/netty-parent/4.1.74.Final/netty-parent-4.1.74.Final.pom
[info] downloaded https://repo1.maven.org/maven2/io/netty/netty-tcnative-parent/2.0.48.Final/netty-tcnative-parent-2.0.48.Final.pom
[info] downloaded https://repo1.maven.org/maven2/org/apache/arrow/arrow-memory/7.0.0/arrow-memory-7.0.0.pom
[info] downloading https://repo1.maven.org/maven2/org/junit/junit-bom/5.8.0-M1/junit-bom-5.8.0-M1.pom
[info] downloaded https://repo1.maven.org/maven2/org/junit/junit-bom/5.8.0-M1/junit-bom-5.8.0-M1.pom
[info] downloading https://repo1.maven.org/maven2/org/apache/arrow/arrow-memory-core/7.0.0/arrow-memory-core-7.0.0.pom
[info] downloading https://repo1.maven.org/maven2/com/google/protobuf/protobuf-java/3.14.0/protobuf-java-3.14.0.pom
[info] downloading https://repo1.maven.org/maven2/org/typelevel/spire-util_2.12/0.17.0/spire-util_2.12-0.17.0.pom
[info] downloading https://repo1.maven.org/maven2/org/scala-lang/modules/scala-collection-compat_2.12/2.2.0/scala-collection-compat_2.12-2.2.0.pom
[info] downloading https://repo1.maven.org/maven2/org/tukaani/xz/1.9/xz-1.9.pom
[info] downloading https://repo1.maven.org/maven2/com/google/flatbuffers/flatbuffers-java/1.12.0/flatbuffers-java-1.12.0.pom
[info] downloaded https://repo1.maven.org/maven2/org/typelevel/spire-util_2.12/0.17.0/spire-util_2.12-0.17.0.pom
[info] downloading https://repo1.maven.org/maven2/org/typelevel/spire-platform_2.12/0.17.0/spire-platform_2.12-0.17.0.pom
[info] downloaded https://repo1.maven.org/maven2/org/scala-lang/modules/scala-collection-compat_2.12/2.2.0/scala-collection-compat_2.12-2.2.0.pom
[info] downloading https://repo1.maven.org/maven2/org/json4s/json4s-scalap_2.12/3.7.0-M11/json4s-scalap_2.12-3.7.0-M11.pom
[info] downloaded https://repo1.maven.org/maven2/com/google/protobuf/protobuf-java/3.14.0/protobuf-java-3.14.0.pom
[info] downloading https://repo1.maven.org/maven2/org/apache/arrow/arrow-format/7.0.0/arrow-format-7.0.0.pom
[info] downloaded https://repo1.maven.org/maven2/org/tukaani/xz/1.9/xz-1.9.pom
[info] downloading https://repo1.maven.org/maven2/org/apache/yetus/audience-annotations/0.12.0/audience-annotations-0.12.0.pom
[info] downloaded https://repo1.maven.org/maven2/org/apache/arrow/arrow-memory-core/7.0.0/arrow-memory-core-7.0.0.pom
[info] downloading https://repo1.maven.org/maven2/com/google/code/gson/gson/2.8.6/gson-2.8.6.pom
[info] downloaded https://repo1.maven.org/maven2/org/typelevel/spire-platform_2.12/0.17.0/spire-platform_2.12-0.17.0.pom
[info] downloading https://repo1.maven.org/maven2/org/json4s/json4s-ast_2.12/3.7.0-M11/json4s-ast_2.12-3.7.0-M11.pom
[info] downloaded https://repo1.maven.org/maven2/org/json4s/json4s-scalap_2.12/3.7.0-M11/json4s-scalap_2.12-3.7.0-M11.pom
[info] downloading https://repo1.maven.org/maven2/org/typelevel/algebra_2.12/2.0.1/algebra_2.12-2.0.1.pom
[info] downloaded https://repo1.maven.org/maven2/org/apache/yetus/audience-annotations/0.12.0/audience-annotations-0.12.0.pom
[info] downloading https://repo1.maven.org/maven2/org/typelevel/spire-macros_2.12/0.17.0/spire-macros_2.12-0.17.0.pom
[info] downloaded https://repo1.maven.org/maven2/com/google/code/gson/gson/2.8.6/gson-2.8.6.pom
[info] downloaded https://repo1.maven.org/maven2/org/apache/arrow/arrow-format/7.0.0/arrow-format-7.0.0.pom
[info] downloaded https://repo1.maven.org/maven2/org/json4s/json4s-ast_2.12/3.7.0-M11/json4s-ast_2.12-3.7.0-M11.pom
[info] downloaded https://repo1.maven.org/maven2/org/typelevel/algebra_2.12/2.0.1/algebra_2.12-2.0.1.pom
[info] downloaded https://repo1.maven.org/maven2/com/google/flatbuffers/flatbuffers-java/1.12.0/flatbuffers-java-1.12.0.pom
[info] downloaded https://repo1.maven.org/maven2/org/typelevel/spire-macros_2.12/0.17.0/spire-macros_2.12-0.17.0.pom
[info] downloading https://repo1.maven.org/maven2/org/apache/yetus/yetus-project/0.12.0/yetus-project-0.12.0.pom
[info] downloading https://repo1.maven.org/maven2/com/google/protobuf/protobuf-parent/3.14.0/protobuf-parent-3.14.0.pom
[info] downloading https://repo1.maven.org/maven2/com/google/code/gson/gson-parent/2.8.6/gson-parent-2.8.6.pom
[info] downloaded https://repo1.maven.org/maven2/com/google/code/gson/gson-parent/2.8.6/gson-parent-2.8.6.pom
[info] downloaded https://repo1.maven.org/maven2/com/google/protobuf/protobuf-parent/3.14.0/protobuf-parent-3.14.0.pom
[info] downloaded https://repo1.maven.org/maven2/org/apache/yetus/yetus-project/0.12.0/yetus-project-0.12.0.pom
[info] downloading https://repo1.maven.org/maven2/com/google/protobuf/protobuf-bom/3.14.0/protobuf-bom-3.14.0.pom
[info] downloaded https://repo1.maven.org/maven2/com/google/protobuf/protobuf-bom/3.14.0/protobuf-bom-3.14.0.pom
[info] downloading https://repo1.maven.org/maven2/javax/annotation/javax.annotation-api/1.3.2/javax.annotation-api-1.3.2.pom
[info] downloading https://repo1.maven.org/maven2/org/typelevel/cats-kernel_2.12/2.1.1/cats-kernel_2.12-2.1.1.pom
[info] downloaded https://repo1.maven.org/maven2/org/typelevel/cats-kernel_2.12/2.1.1/cats-kernel_2.12-2.1.1.pom
[info] downloaded https://repo1.maven.org/maven2/javax/annotation/javax.annotation-api/1.3.2/javax.annotation-api-1.3.2.pom
[info] downloading https://repo1.maven.org/maven2/net/java/jvnet-parent/3/jvnet-parent-3.pom
[info] downloaded https://repo1.maven.org/maven2/net/java/jvnet-parent/3/jvnet-parent-3.pom
[info] downloading https://repo1.maven.org/maven2/org/apache/avro/avro-ipc/1.11.0/avro-ipc-1.11.0.jar
[info] downloading https://repo1.maven.org/maven2/org/typelevel/spire-platform_2.12/0.17.0/spire-platform_2.12-0.17.0.jar
[info] downloading https://repo1.maven.org/maven2/org/typelevel/spire-macros_2.12/0.17.0/spire-macros_2.12-0.17.0.jar
[info] downloading https://repo1.maven.org/maven2/io/dropwizard/metrics/metrics-json/4.2.7/metrics-json-4.2.7.jar
[info] downloading https://repo1.maven.org/maven2/org/json4s/json4s-ast_2.12/3.7.0-M11/json4s-ast_2.12-3.7.0-M11.jar
[info] downloading https://repo1.maven.org/maven2/org/apache/orc/orc-mapreduce/1.7.10/orc-mapreduce-1.7.10.jar
[info] downloaded https://repo1.maven.org/maven2/org/typelevel/spire-platform_2.12/0.17.0/spire-platform_2.12-0.17.0.jar
[info] downloading https://repo1.maven.org/maven2/com/fasterxml/jackson/core/jackson-annotations/2.13.4/jackson-annotations-2.13.4.jar
[info] downloaded https://repo1.maven.org/maven2/io/dropwizard/metrics/metrics-json/4.2.7/metrics-json-4.2.7.jar
[info] downloading https://repo1.maven.org/maven2/org/apache/parquet/parquet-common/1.12.2/parquet-common-1.12.2.jar
[info] downloaded https://repo1.maven.org/maven2/org/typelevel/spire-macros_2.12/0.17.0/spire-macros_2.12-0.17.0.jar
[info] downloading https://repo1.maven.org/maven2/org/apache/logging/log4j/log4j-1.2-api/2.17.2/log4j-1.2-api-2.17.2.jar
[info] downloaded https://repo1.maven.org/maven2/org/apache/avro/avro-ipc/1.11.0/avro-ipc-1.11.0.jar
[info] downloading https://repo1.maven.org/maven2/org/apache/spark/spark-mllib_2.12/3.3.4/spark-mllib_2.12-3.3.4.jar
[info] downloaded https://repo1.maven.org/maven2/com/fasterxml/jackson/core/jackson-annotations/2.13.4/jackson-annotations-2.13.4.jar
[info] downloading https://repo1.maven.org/maven2/org/apache/spark/spark-network-shuffle_2.12/3.3.4/spark-network-shuffle_2.12-3.3.4.jar
[info] downloaded https://repo1.maven.org/maven2/org/json4s/json4s-ast_2.12/3.7.0-M11/json4s-ast_2.12-3.7.0-M11.jar
[info] downloading https://repo1.maven.org/maven2/org/glassfish/jersey/containers/jersey-container-servlet-core/2.36/jersey-container-servlet-core-2.36.jar
[info] downloaded https://repo1.maven.org/maven2/org/apache/parquet/parquet-common/1.12.2/parquet-common-1.12.2.jar
[info] downloading https://repo1.maven.org/maven2/net/sf/py4j/py4j/0.10.9.5/py4j-0.10.9.5.jar
[info] downloaded https://repo1.maven.org/maven2/org/glassfish/jersey/containers/jersey-container-servlet-core/2.36/jersey-container-servlet-core-2.36.jar
[info] downloading https://repo1.maven.org/maven2/org/apache/avro/avro/1.11.0/avro-1.11.0.jar
[info] downloaded https://repo1.maven.org/maven2/org/apache/logging/log4j/log4j-1.2-api/2.17.2/log4j-1.2-api-2.17.2.jar
[info] downloading https://repo1.maven.org/maven2/org/roaringbitmap/RoaringBitmap/0.9.25/RoaringBitmap-0.9.25.jar
[info] downloaded https://repo1.maven.org/maven2/net/sf/py4j/py4j/0.10.9.5/py4j-0.10.9.5.jar
[info] downloading https://repo1.maven.org/maven2/org/apache/arrow/arrow-memory-core/7.0.0/arrow-memory-core-7.0.0.jar
[info] downloaded https://repo1.maven.org/maven2/org/apache/orc/orc-mapreduce/1.7.10/orc-mapreduce-1.7.10.jar
[info] downloading https://repo1.maven.org/maven2/io/netty/netty-transport-native-epoll/4.1.74.Final/netty-transport-native-epoll-4.1.74.Final-linux-x86_64.jar
[info] downloaded https://repo1.maven.org/maven2/org/apache/spark/spark-network-shuffle_2.12/3.3.4/spark-network-shuffle_2.12-3.3.4.jar
[info] downloading https://repo1.maven.org/maven2/org/scala-lang/modules/scala-collection-compat_2.12/2.2.0/scala-collection-compat_2.12-2.2.0.jar
[info] downloaded https://repo1.maven.org/maven2/io/netty/netty-transport-native-epoll/4.1.74.Final/netty-transport-native-epoll-4.1.74.Final-linux-x86_64.jar
[info] downloading https://repo1.maven.org/maven2/org/apache/commons/commons-math3/3.6.1/commons-math3-3.6.1.jar
[info] downloaded https://repo1.maven.org/maven2/org/apache/arrow/arrow-memory-core/7.0.0/arrow-memory-core-7.0.0.jar
[info] downloading https://repo1.maven.org/maven2/org/apache/logging/log4j/log4j-core/2.17.2/log4j-core-2.17.2.jar
[info] downloaded https://repo1.maven.org/maven2/org/apache/avro/avro/1.11.0/avro-1.11.0.jar
[info] downloading https://repo1.maven.org/maven2/org/apache/hadoop/hadoop-client-api/3.3.2/hadoop-client-api-3.3.2.jar
[info] downloaded https://repo1.maven.org/maven2/org/roaringbitmap/RoaringBitmap/0.9.25/RoaringBitmap-0.9.25.jar
[info] downloading https://repo1.maven.org/maven2/org/roaringbitmap/shims/0.9.25/shims-0.9.25.jar
[info] downloaded https://repo1.maven.org/maven2/org/scala-lang/modules/scala-collection-compat_2.12/2.2.0/scala-collection-compat_2.12-2.2.0.jar
[info] downloading https://repo1.maven.org/maven2/org/apache/commons/commons-collections4/4.4/commons-collections4-4.4.jar
[info] downloaded https://repo1.maven.org/maven2/org/roaringbitmap/shims/0.9.25/shims-0.9.25.jar
[info] downloading https://repo1.maven.org/maven2/org/apache/parquet/parquet-jackson/1.12.2/parquet-jackson-1.12.2.jar
[info] downloaded https://repo1.maven.org/maven2/org/apache/logging/log4j/log4j-core/2.17.2/log4j-core-2.17.2.jar
[info] downloading https://repo1.maven.org/maven2/org/apache/ivy/ivy/2.5.1/ivy-2.5.1.jar
[info] downloaded https://repo1.maven.org/maven2/org/apache/ivy/ivy/2.5.1/ivy-2.5.1.jar
[info] downloading https://repo1.maven.org/maven2/io/netty/netty-transport/4.1.74.Final/netty-transport-4.1.74.Final.jar
[info] downloaded https://repo1.maven.org/maven2/org/apache/spark/spark-mllib_2.12/3.3.4/spark-mllib_2.12-3.3.4.jar
[info] downloading https://repo1.maven.org/maven2/org/lz4/lz4-java/1.8.0/lz4-java-1.8.0.jar
[info] downloaded https://repo1.maven.org/maven2/io/netty/netty-transport/4.1.74.Final/netty-transport-4.1.74.Final.jar
[info] downloading https://repo1.maven.org/maven2/io/netty/netty-all/4.1.74.Final/netty-all-4.1.74.Final.jar
[info] downloaded https://repo1.maven.org/maven2/org/lz4/lz4-java/1.8.0/lz4-java-1.8.0.jar
[info] downloading https://repo1.maven.org/maven2/com/fasterxml/jackson/core/jackson-core/2.13.4/jackson-core-2.13.4.jar
[info] downloaded https://repo1.maven.org/maven2/io/netty/netty-all/4.1.74.Final/netty-all-4.1.74.Final.jar
[info] downloading https://repo1.maven.org/maven2/io/netty/netty-transport-native-epoll/4.1.74.Final/netty-transport-native-epoll-4.1.74.Final.jar
[info] downloaded https://repo1.maven.org/maven2/io/netty/netty-transport-native-epoll/4.1.74.Final/netty-transport-native-epoll-4.1.74.Final.jar
[info] downloading https://repo1.maven.org/maven2/io/netty/netty-transport-classes-kqueue/4.1.74.Final/netty-transport-classes-kqueue-4.1.74.Final.jar
[info] downloaded https://repo1.maven.org/maven2/io/netty/netty-transport-classes-kqueue/4.1.74.Final/netty-transport-classes-kqueue-4.1.74.Final.jar
[info] downloading https://repo1.maven.org/maven2/org/tukaani/xz/1.9/xz-1.9.jar
[info] downloaded https://repo1.maven.org/maven2/com/fasterxml/jackson/core/jackson-core/2.13.4/jackson-core-2.13.4.jar
[info] downloading https://repo1.maven.org/maven2/org/apache/parquet/parquet-column/1.12.2/parquet-column-1.12.2.jar
[info] downloaded https://repo1.maven.org/maven2/org/tukaani/xz/1.9/xz-1.9.jar
[info] downloading https://repo1.maven.org/maven2/io/netty/netty-transport-native-epoll/4.1.74.Final/netty-transport-native-epoll-4.1.74.Final-linux-aarch_64.jar
[info] downloaded https://repo1.maven.org/maven2/io/netty/netty-transport-native-epoll/4.1.74.Final/netty-transport-native-epoll-4.1.74.Final-linux-aarch_64.jar
[info] downloading https://repo1.maven.org/maven2/org/antlr/antlr4-runtime/4.8/antlr4-runtime-4.8.jar
[info] downloaded https://repo1.maven.org/maven2/org/apache/commons/commons-collections4/4.4/commons-collections4-4.4.jar
[info] downloading https://repo1.maven.org/maven2/org/apache/spark/spark-streaming_2.12/3.3.4/spark-streaming_2.12-3.3.4.jar
[info] downloaded https://repo1.maven.org/maven2/org/antlr/antlr4-runtime/4.8/antlr4-runtime-4.8.jar
[info] downloading https://repo1.maven.org/maven2/org/glassfish/jersey/core/jersey-common/2.36/jersey-common-2.36.jar
[info] downloaded https://repo1.maven.org/maven2/org/apache/parquet/parquet-jackson/1.12.2/parquet-jackson-1.12.2.jar
[info] downloading https://repo1.maven.org/maven2/com/google/protobuf/protobuf-java/3.14.0/protobuf-java-3.14.0.jar
[info] downloaded https://repo1.maven.org/maven2/org/glassfish/jersey/core/jersey-common/2.36/jersey-common-2.36.jar
[info] downloading https://repo1.maven.org/maven2/io/airlift/aircompressor/0.21/aircompressor-0.21.jar
[info] downloaded https://repo1.maven.org/maven2/io/airlift/aircompressor/0.21/aircompressor-0.21.jar
[info] downloading https://repo1.maven.org/maven2/org/apache/arrow/arrow-format/7.0.0/arrow-format-7.0.0.jar
[info] downloaded https://repo1.maven.org/maven2/org/apache/arrow/arrow-format/7.0.0/arrow-format-7.0.0.jar
[info] downloading https://repo1.maven.org/maven2/org/apache/spark/spark-catalyst_2.12/3.3.4/spark-catalyst_2.12-3.3.4.jar
[info] downloaded https://repo1.maven.org/maven2/org/apache/commons/commons-math3/3.6.1/commons-math3-3.6.1.jar
[info] downloading https://repo1.maven.org/maven2/org/apache/zookeeper/zookeeper/3.6.2/zookeeper-3.6.2.jar
[info] downloaded https://repo1.maven.org/maven2/org/apache/parquet/parquet-column/1.12.2/parquet-column-1.12.2.jar
[info] downloading https://repo1.maven.org/maven2/org/apache/parquet/parquet-format-structures/1.12.2/parquet-format-structures-1.12.2.jar
[info] downloaded https://repo1.maven.org/maven2/org/apache/parquet/parquet-format-structures/1.12.2/parquet-format-structures-1.12.2.jar
[info] downloading https://repo1.maven.org/maven2/org/apache/orc/orc-core/1.7.10/orc-core-1.7.10.jar
[info] downloaded https://repo1.maven.org/maven2/org/apache/spark/spark-streaming_2.12/3.3.4/spark-streaming_2.12-3.3.4.jar
[info] downloading https://repo1.maven.org/maven2/org/apache/arrow/arrow-memory-netty/7.0.0/arrow-memory-netty-7.0.0.jar
[info] downloaded https://repo1.maven.org/maven2/org/apache/arrow/arrow-memory-netty/7.0.0/arrow-memory-netty-7.0.0.jar
[info] downloading https://repo1.maven.org/maven2/com/twitter/chill-java/0.10.0/chill-java-0.10.0.jar
[info] downloaded https://repo1.maven.org/maven2/com/twitter/chill-java/0.10.0/chill-java-0.10.0.jar
[info] downloading https://repo1.maven.org/maven2/com/twitter/chill_2.12/0.10.0/chill_2.12-0.10.0.jar
[info] downloaded https://repo1.maven.org/maven2/com/google/protobuf/protobuf-java/3.14.0/protobuf-java-3.14.0.jar
[info] downloading https://repo1.maven.org/maven2/org/typelevel/cats-kernel_2.12/2.1.1/cats-kernel_2.12-2.1.1.jar
[info] downloaded https://repo1.maven.org/maven2/org/apache/zookeeper/zookeeper/3.6.2/zookeeper-3.6.2.jar
[info] downloading https://repo1.maven.org/maven2/org/apache/spark/spark-network-common_2.12/3.3.4/spark-network-common_2.12-3.3.4.jar
[info] downloaded https://repo1.maven.org/maven2/com/twitter/chill_2.12/0.10.0/chill_2.12-0.10.0.jar
[info] downloading https://repo1.maven.org/maven2/org/apache/commons/commons-lang3/3.12.0/commons-lang3-3.12.0.jar
[info] downloaded https://repo1.maven.org/maven2/org/apache/orc/orc-core/1.7.10/orc-core-1.7.10.jar
[info] downloading https://repo1.maven.org/maven2/org/slf4j/jcl-over-slf4j/1.7.32/jcl-over-slf4j-1.7.32.jar
[info] downloaded https://repo1.maven.org/maven2/org/slf4j/jcl-over-slf4j/1.7.32/jcl-over-slf4j-1.7.32.jar
[info] downloading https://repo1.maven.org/maven2/com/google/crypto/tink/tink/1.6.1/tink-1.6.1.jar
[info] downloaded https://repo1.maven.org/maven2/org/apache/commons/commons-lang3/3.12.0/commons-lang3-3.12.0.jar
[info] downloading https://repo1.maven.org/maven2/io/netty/netty-common/4.1.74.Final/netty-common-4.1.74.Final.jar
[info] downloaded https://repo1.maven.org/maven2/com/google/crypto/tink/tink/1.6.1/tink-1.6.1.jar
[info] downloading https://repo1.maven.org/maven2/com/ning/compress-lzf/1.1/compress-lzf-1.1.jar
[info] downloaded https://repo1.maven.org/maven2/com/ning/compress-lzf/1.1/compress-lzf-1.1.jar
[info] downloading https://repo1.maven.org/maven2/commons-io/commons-io/2.11.0/commons-io-2.11.0.jar
[info] downloaded https://repo1.maven.org/maven2/commons-io/commons-io/2.11.0/commons-io-2.11.0.jar
[info] downloading https://repo1.maven.org/maven2/io/dropwizard/metrics/metrics-core/4.2.7/metrics-core-4.2.7.jar
[info] downloaded https://repo1.maven.org/maven2/io/netty/netty-common/4.1.74.Final/netty-common-4.1.74.Final.jar
[info] downloading https://repo1.maven.org/maven2/org/glassfish/jersey/containers/jersey-container-servlet/2.36/jersey-container-servlet-2.36.jar
[info] downloaded https://repo1.maven.org/maven2/io/dropwizard/metrics/metrics-core/4.2.7/metrics-core-4.2.7.jar
[info] downloading https://repo1.maven.org/maven2/org/apache/spark/spark-sketch_2.12/3.3.4/spark-sketch_2.12-3.3.4.jar
[info] downloaded https://repo1.maven.org/maven2/org/glassfish/jersey/containers/jersey-container-servlet/2.36/jersey-container-servlet-2.36.jar
[info] downloading https://repo1.maven.org/maven2/org/apache/commons/commons-text/1.10.0/commons-text-1.10.0.jar
[info] downloaded https://repo1.maven.org/maven2/org/apache/spark/spark-sketch_2.12/3.3.4/spark-sketch_2.12-3.3.4.jar
[info] downloading https://repo1.maven.org/maven2/com/google/flatbuffers/flatbuffers-java/1.12.0/flatbuffers-java-1.12.0.jar
[info] downloaded https://repo1.maven.org/maven2/com/google/flatbuffers/flatbuffers-java/1.12.0/flatbuffers-java-1.12.0.jar
[info] downloading https://repo1.maven.org/maven2/org/apache/spark/spark-mllib-local_2.12/3.3.4/spark-mllib-local_2.12-3.3.4.jar
[info] downloaded https://repo1.maven.org/maven2/org/apache/commons/commons-text/1.10.0/commons-text-1.10.0.jar
[info] downloading https://repo1.maven.org/maven2/org/apache/spark/spark-unsafe_2.12/3.3.4/spark-unsafe_2.12-3.3.4.jar
[info] downloaded https://repo1.maven.org/maven2/org/apache/spark/spark-mllib-local_2.12/3.3.4/spark-mllib-local_2.12-3.3.4.jar
[info] downloading https://repo1.maven.org/maven2/com/fasterxml/jackson/core/jackson-databind/2.13.4.2/jackson-databind-2.13.4.2.jar
[info] downloaded https://repo1.maven.org/maven2/org/apache/spark/spark-unsafe_2.12/3.3.4/spark-unsafe_2.12-3.3.4.jar
[info] downloading https://repo1.maven.org/maven2/org/glassfish/jersey/core/jersey-server/2.36/jersey-server-2.36.jar
[info] downloaded https://repo1.maven.org/maven2/org/apache/spark/spark-network-common_2.12/3.3.4/spark-network-common_2.12-3.3.4.jar
[info] downloading https://repo1.maven.org/maven2/javax/annotation/javax.annotation-api/1.3.2/javax.annotation-api-1.3.2.jar
[info] downloaded https://repo1.maven.org/maven2/javax/annotation/javax.annotation-api/1.3.2/javax.annotation-api-1.3.2.jar
[info] downloading https://repo1.maven.org/maven2/org/apache/hadoop/hadoop-client-runtime/3.3.2/hadoop-client-runtime-3.3.2.jar
[info] downloaded https://repo1.maven.org/maven2/org/typelevel/cats-kernel_2.12/2.1.1/cats-kernel_2.12-2.1.1.jar
[info] downloading https://repo1.maven.org/maven2/org/json4s/json4s-core_2.12/3.7.0-M11/json4s-core_2.12-3.7.0-M11.jar
[info] downloaded https://repo1.maven.org/maven2/org/json4s/json4s-core_2.12/3.7.0-M11/json4s-core_2.12-3.7.0-M11.jar
[info] downloading https://repo1.maven.org/maven2/io/netty/netty-handler/4.1.74.Final/netty-handler-4.1.74.Final.jar
[info] downloaded https://repo1.maven.org/maven2/com/fasterxml/jackson/core/jackson-databind/2.13.4.2/jackson-databind-2.13.4.2.jar
[info] downloading https://repo1.maven.org/maven2/org/apache/logging/log4j/log4j-slf4j-impl/2.17.2/log4j-slf4j-impl-2.17.2.jar
[info] downloaded https://repo1.maven.org/maven2/org/glassfish/jersey/core/jersey-server/2.36/jersey-server-2.36.jar
[info] downloading https://repo1.maven.org/maven2/org/apache/spark/spark-tags_2.12/3.3.4/spark-tags_2.12-3.3.4.jar
[info] downloaded https://repo1.maven.org/maven2/org/apache/logging/log4j/log4j-slf4j-impl/2.17.2/log4j-slf4j-impl-2.17.2.jar
[info] downloading https://repo1.maven.org/maven2/org/apache/arrow/arrow-vector/7.0.0/arrow-vector-7.0.0.jar
[info] downloaded https://repo1.maven.org/maven2/io/netty/netty-handler/4.1.74.Final/netty-handler-4.1.74.Final.jar
[info] downloading https://repo1.maven.org/maven2/org/json4s/json4s-jackson_2.12/3.7.0-M11/json4s-jackson_2.12-3.7.0-M11.jar
[info] downloaded https://repo1.maven.org/maven2/org/apache/spark/spark-tags_2.12/3.3.4/spark-tags_2.12-3.3.4.jar
[info] downloading https://repo1.maven.org/maven2/org/apache/avro/avro-mapred/1.11.0/avro-mapred-1.11.0.jar
[info] downloaded https://repo1.maven.org/maven2/org/json4s/json4s-jackson_2.12/3.7.0-M11/json4s-jackson_2.12-3.7.0-M11.jar
[info] downloading https://repo1.maven.org/maven2/io/netty/netty-transport-native-kqueue/4.1.74.Final/netty-transport-native-kqueue-4.1.74.Final-osx-x86_64.jar
[info] downloaded https://repo1.maven.org/maven2/io/netty/netty-transport-native-kqueue/4.1.74.Final/netty-transport-native-kqueue-4.1.74.Final-osx-x86_64.jar
[info] downloading https://repo1.maven.org/maven2/io/netty/netty-buffer/4.1.74.Final/netty-buffer-4.1.74.Final.jar
[info] downloaded https://repo1.maven.org/maven2/org/apache/avro/avro-mapred/1.11.0/avro-mapred-1.11.0.jar
[info] downloading https://repo1.maven.org/maven2/org/typelevel/spire-util_2.12/0.17.0/spire-util_2.12-0.17.0.jar
[info] downloaded https://repo1.maven.org/maven2/org/typelevel/spire-util_2.12/0.17.0/spire-util_2.12-0.17.0.jar
[info] downloading https://repo1.maven.org/maven2/dev/ludovic/netlib/arpack/2.2.1/arpack-2.2.1.jar
[info] downloaded https://repo1.maven.org/maven2/io/netty/netty-buffer/4.1.74.Final/netty-buffer-4.1.74.Final.jar
[info] downloading https://repo1.maven.org/maven2/dev/ludovic/netlib/lapack/2.2.1/lapack-2.2.1.jar
[info] downloaded https://repo1.maven.org/maven2/dev/ludovic/netlib/arpack/2.2.1/arpack-2.2.1.jar
[info] downloading https://repo1.maven.org/maven2/io/netty/netty-transport-classes-epoll/4.1.74.Final/netty-transport-classes-epoll-4.1.74.Final.jar
[info] downloaded https://repo1.maven.org/maven2/io/netty/netty-transport-classes-epoll/4.1.74.Final/netty-transport-classes-epoll-4.1.74.Final.jar
[info] downloading https://repo1.maven.org/maven2/org/slf4j/jul-to-slf4j/1.7.32/jul-to-slf4j-1.7.32.jar
[info] downloaded https://repo1.maven.org/maven2/org/slf4j/jul-to-slf4j/1.7.32/jul-to-slf4j-1.7.32.jar
[info] downloading https://repo1.maven.org/maven2/org/apache/parquet/parquet-encoding/1.12.2/parquet-encoding-1.12.2.jar
[info] downloaded https://repo1.maven.org/maven2/org/apache/hadoop/hadoop-client-api/3.3.2/hadoop-client-api-3.3.2.jar
[info] downloading https://repo1.maven.org/maven2/org/apache/spark/spark-graphx_2.12/3.3.4/spark-graphx_2.12-3.3.4.jar
[info] downloaded https://repo1.maven.org/maven2/dev/ludovic/netlib/lapack/2.2.1/lapack-2.2.1.jar
[info] downloading https://repo1.maven.org/maven2/net/razorvine/pickle/1.2/pickle-1.2.jar
[info] downloaded https://repo1.maven.org/maven2/net/razorvine/pickle/1.2/pickle-1.2.jar
[info] downloading https://repo1.maven.org/maven2/org/apache/commons/commons-compress/1.21/commons-compress-1.21.jar
[info] downloaded https://repo1.maven.org/maven2/org/apache/spark/spark-catalyst_2.12/3.3.4/spark-catalyst_2.12-3.3.4.jar
[info] downloading https://repo1.maven.org/maven2/org/apache/zookeeper/zookeeper-jute/3.6.2/zookeeper-jute-3.6.2.jar
[info] downloaded https://repo1.maven.org/maven2/org/apache/arrow/arrow-vector/7.0.0/arrow-vector-7.0.0.jar
[info] downloading https://repo1.maven.org/maven2/org/apache/orc/orc-shims/1.7.10/orc-shims-1.7.10.jar
[info] downloaded https://repo1.maven.org/maven2/org/apache/spark/spark-graphx_2.12/3.3.4/spark-graphx_2.12-3.3.4.jar
[info] downloading https://repo1.maven.org/maven2/io/netty/netty-tcnative-classes/2.0.48.Final/netty-tcnative-classes-2.0.48.Final.jar
[info] downloaded https://repo1.maven.org/maven2/org/apache/zookeeper/zookeeper-jute/3.6.2/zookeeper-jute-3.6.2.jar
[info] downloading https://repo1.maven.org/maven2/io/netty/netty-resolver/4.1.74.Final/netty-resolver-4.1.74.Final.jar
[info] downloaded https://repo1.maven.org/maven2/io/netty/netty-tcnative-classes/2.0.48.Final/netty-tcnative-classes-2.0.48.Final.jar
[info] downloading https://repo1.maven.org/maven2/com/google/code/gson/gson/2.8.6/gson-2.8.6.jar
[info] downloaded https://repo1.maven.org/maven2/org/apache/orc/orc-shims/1.7.10/orc-shims-1.7.10.jar
[info] downloading https://repo1.maven.org/maven2/org/xerial/snappy/snappy-java/1.1.8.4/snappy-java-1.1.8.4.jar
[info] downloaded https://repo1.maven.org/maven2/io/netty/netty-resolver/4.1.74.Final/netty-resolver-4.1.74.Final.jar
[info] downloading https://repo1.maven.org/maven2/org/slf4j/slf4j-api/1.7.35/slf4j-api-1.7.35.jar
[info] downloaded https://repo1.maven.org/maven2/org/slf4j/slf4j-api/1.7.35/slf4j-api-1.7.35.jar
[info] downloading https://repo1.maven.org/maven2/dev/ludovic/netlib/blas/2.2.1/blas-2.2.1.jar
[info] downloaded https://repo1.maven.org/maven2/com/google/code/gson/gson/2.8.6/gson-2.8.6.jar
[info] downloading https://repo1.maven.org/maven2/org/typelevel/spire_2.12/0.17.0/spire_2.12-0.17.0.jar
[info] downloaded https://repo1.maven.org/maven2/dev/ludovic/netlib/blas/2.2.1/blas-2.2.1.jar
[info] downloading https://repo1.maven.org/maven2/org/glassfish/jersey/core/jersey-client/2.36/jersey-client-2.36.jar
[info] downloaded https://repo1.maven.org/maven2/org/apache/parquet/parquet-encoding/1.12.2/parquet-encoding-1.12.2.jar
[info] downloading https://repo1.maven.org/maven2/io/netty/netty-codec/4.1.74.Final/netty-codec-4.1.74.Final.jar
[info] downloaded https://repo1.maven.org/maven2/org/glassfish/jersey/core/jersey-client/2.36/jersey-client-2.36.jar
[info] downloading https://repo1.maven.org/maven2/org/scalanlp/breeze-macros_2.12/1.2/breeze-macros_2.12-1.2.jar
[info] downloaded https://repo1.maven.org/maven2/org/scalanlp/breeze-macros_2.12/1.2/breeze-macros_2.12-1.2.jar
[info] downloading https://repo1.maven.org/maven2/org/json4s/json4s-scalap_2.12/3.7.0-M11/json4s-scalap_2.12-3.7.0-M11.jar
[info] downloaded https://repo1.maven.org/maven2/org/apache/commons/commons-compress/1.21/commons-compress-1.21.jar
[info] downloading https://repo1.maven.org/maven2/com/fasterxml/jackson/module/jackson-module-scala_2.12/2.13.4/jackson-module-scala_2.12-2.13.4.jar
[info] downloaded https://repo1.maven.org/maven2/org/json4s/json4s-scalap_2.12/3.7.0-M11/json4s-scalap_2.12-3.7.0-M11.jar
[info] downloading https://repo1.maven.org/maven2/org/apache/spark/spark-launcher_2.12/3.3.4/spark-launcher_2.12-3.3.4.jar
[info] downloaded https://repo1.maven.org/maven2/io/netty/netty-codec/4.1.74.Final/netty-codec-4.1.74.Final.jar
[info] downloading https://repo1.maven.org/maven2/io/dropwizard/metrics/metrics-jvm/4.2.7/metrics-jvm-4.2.7.jar
[info] downloaded https://repo1.maven.org/maven2/io/dropwizard/metrics/metrics-jvm/4.2.7/metrics-jvm-4.2.7.jar
[info] downloading https://repo1.maven.org/maven2/io/dropwizard/metrics/metrics-graphite/4.2.7/metrics-graphite-4.2.7.jar
[info] downloaded https://repo1.maven.org/maven2/org/apache/spark/spark-launcher_2.12/3.3.4/spark-launcher_2.12-3.3.4.jar
[info] downloading https://repo1.maven.org/maven2/io/netty/netty-transport-native-unix-common/4.1.74.Final/netty-transport-native-unix-common-4.1.74.Final.jar
[info] downloaded https://repo1.maven.org/maven2/io/dropwizard/metrics/metrics-graphite/4.2.7/metrics-graphite-4.2.7.jar
[info] downloading https://repo1.maven.org/maven2/commons-logging/commons-logging/1.1.3/commons-logging-1.1.3.jar
[info] downloaded https://repo1.maven.org/maven2/io/netty/netty-transport-native-unix-common/4.1.74.Final/netty-transport-native-unix-common-4.1.74.Final.jar
[info] downloading https://repo1.maven.org/maven2/org/apache/spark/spark-core_2.12/3.3.4/spark-core_2.12-3.3.4.jar
[info] downloaded https://repo1.maven.org/maven2/commons-logging/commons-logging/1.1.3/commons-logging-1.1.3.jar
[info] downloading https://repo1.maven.org/maven2/org/apache/spark/spark-kvstore_2.12/3.3.4/spark-kvstore_2.12-3.3.4.jar
[info] downloaded https://repo1.maven.org/maven2/com/fasterxml/jackson/module/jackson-module-scala_2.12/2.13.4/jackson-module-scala_2.12-2.13.4.jar
[info] downloading https://repo1.maven.org/maven2/org/apache/yetus/audience-annotations/0.12.0/audience-annotations-0.12.0.jar
[info] downloaded https://repo1.maven.org/maven2/org/apache/yetus/audience-annotations/0.12.0/audience-annotations-0.12.0.jar
[info] downloading https://repo1.maven.org/maven2/org/scalanlp/breeze_2.12/1.2/breeze_2.12-1.2.jar
[info] downloaded https://repo1.maven.org/maven2/org/apache/spark/spark-kvstore_2.12/3.3.4/spark-kvstore_2.12-3.3.4.jar
[info] downloading https://repo1.maven.org/maven2/org/typelevel/algebra_2.12/2.0.1/algebra_2.12-2.0.1.jar
[info] downloaded https://repo1.maven.org/maven2/org/xerial/snappy/snappy-java/1.1.8.4/snappy-java-1.1.8.4.jar
[info] downloading https://repo1.maven.org/maven2/io/netty/netty-transport-native-kqueue/4.1.74.Final/netty-transport-native-kqueue-4.1.74.Final-osx-aarch_64.jar
[info] downloaded https://repo1.maven.org/maven2/io/netty/netty-transport-native-kqueue/4.1.74.Final/netty-transport-native-kqueue-4.1.74.Final-osx-aarch_64.jar
[info] downloading https://repo1.maven.org/maven2/org/apache/logging/log4j/log4j-api/2.17.2/log4j-api-2.17.2.jar
[info] downloaded https://repo1.maven.org/maven2/org/apache/logging/log4j/log4j-api/2.17.2/log4j-api-2.17.2.jar
[info] downloading https://repo1.maven.org/maven2/org/rocksdb/rocksdbjni/6.20.3/rocksdbjni-6.20.3.jar
[info] downloaded https://repo1.maven.org/maven2/org/typelevel/algebra_2.12/2.0.1/algebra_2.12-2.0.1.jar
[info] downloading https://repo1.maven.org/maven2/commons-codec/commons-codec/1.15/commons-codec-1.15.jar
[info] downloaded https://repo1.maven.org/maven2/commons-codec/commons-codec/1.15/commons-codec-1.15.jar
[info] downloading https://repo1.maven.org/maven2/org/apache/parquet/parquet-hadoop/1.12.2/parquet-hadoop-1.12.2.jar
[info] downloaded https://repo1.maven.org/maven2/org/apache/parquet/parquet-hadoop/1.12.2/parquet-hadoop-1.12.2.jar
[info] downloading https://repo1.maven.org/maven2/org/apache/xbean/xbean-asm9-shaded/4.20/xbean-asm9-shaded-4.20.jar
[info] downloaded https://repo1.maven.org/maven2/org/apache/xbean/xbean-asm9-shaded/4.20/xbean-asm9-shaded-4.20.jar
[info] downloading https://repo1.maven.org/maven2/io/dropwizard/metrics/metrics-jmx/4.2.7/metrics-jmx-4.2.7.jar
[info] downloaded https://repo1.maven.org/maven2/io/dropwizard/metrics/metrics-jmx/4.2.7/metrics-jmx-4.2.7.jar
[info] downloading https://repo1.maven.org/maven2/org/glassfish/jersey/inject/jersey-hk2/2.36/jersey-hk2-2.36.jar
[info] downloaded https://repo1.maven.org/maven2/org/glassfish/jersey/inject/jersey-hk2/2.36/jersey-hk2-2.36.jar
[info] downloading https://repo1.maven.org/maven2/org/apache/spark/spark-sql_2.12/3.3.4/spark-sql_2.12-3.3.4.jar
[info] downloaded https://repo1.maven.org/maven2/org/typelevel/spire_2.12/0.17.0/spire_2.12-0.17.0.jar
[info] downloading https://repo1.maven.org/maven2/com/github/luben/zstd-jni/1.5.2-1/zstd-jni-1.5.2-1.jar
[info] downloaded https://repo1.maven.org/maven2/org/apache/spark/spark-core_2.12/3.3.4/spark-core_2.12-3.3.4.jar
[info] downloading https://repo1.maven.org/maven2/org/jetbrains/annotations/17.0.0/annotations-17.0.0.jar
[info] downloaded https://repo1.maven.org/maven2/org/jetbrains/annotations/17.0.0/annotations-17.0.0.jar
[info] downloaded https://repo1.maven.org/maven2/com/github/luben/zstd-jni/1.5.2-1/zstd-jni-1.5.2-1.jar
[info] downloaded https://repo1.maven.org/maven2/org/apache/spark/spark-sql_2.12/3.3.4/spark-sql_2.12-3.3.4.jar
[info] downloaded https://repo1.maven.org/maven2/org/scalanlp/breeze_2.12/1.2/breeze_2.12-1.2.jar
[info] downloaded https://repo1.maven.org/maven2/org/apache/hadoop/hadoop-client-runtime/3.3.2/hadoop-client-runtime-3.3.2.jar
[info] downloaded https://repo1.maven.org/maven2/org/rocksdb/rocksdbjni/6.20.3/rocksdbjni-6.20.3.jar
[info] downloading https://repo1.maven.org/maven2/com/fasterxml/jackson/core/jackson-core/2.13.4/jackson-core-2.13.4-sources.jar
[info] downloading https://repo1.maven.org/maven2/org/apache/commons/commons-collections4/4.4/commons-collections4-4.4-sources.jar
[info] downloading https://repo1.maven.org/maven2/org/json4s/json4s-core_2.12/3.7.0-M11/json4s-core_2.12-3.7.0-M11-sources.jar
[info] downloading https://repo1.maven.org/maven2/org/apache/avro/avro-ipc/1.11.0/avro-ipc-1.11.0-sources.jar
[info] downloading https://repo1.maven.org/maven2/org/apache/orc/orc-core/1.7.10/orc-core-1.7.10-sources.jar
[info] downloaded https://repo1.maven.org/maven2/org/apache/avro/avro-ipc/1.11.0/avro-ipc-1.11.0-sources.jar
[info] downloading https://repo1.maven.org/maven2/io/netty/netty-transport-classes-epoll/4.1.74.Final/netty-transport-classes-epoll-4.1.74.Final-sources.jar
[info] downloaded https://repo1.maven.org/maven2/com/fasterxml/jackson/core/jackson-core/2.13.4/jackson-core-2.13.4-sources.jar
[info] downloading https://repo1.maven.org/maven2/dev/ludovic/netlib/blas/2.2.1/blas-2.2.1-sources.jar
[info] downloading https://repo1.maven.org/maven2/org/glassfish/jersey/inject/jersey-hk2/2.36/jersey-hk2-2.36-sources.jar
[info] downloaded https://repo1.maven.org/maven2/io/netty/netty-transport-classes-epoll/4.1.74.Final/netty-transport-classes-epoll-4.1.74.Final-sources.jar
[info] downloading https://repo1.maven.org/maven2/com/google/protobuf/protobuf-java/3.14.0/protobuf-java-3.14.0-sources.jar
[info] downloaded https://repo1.maven.org/maven2/org/json4s/json4s-core_2.12/3.7.0-M11/json4s-core_2.12-3.7.0-M11-sources.jar
[info] downloading https://repo1.maven.org/maven2/org/lz4/lz4-java/1.8.0/lz4-java-1.8.0-sources.jar
[info] downloaded https://repo1.maven.org/maven2/org/apache/orc/orc-core/1.7.10/orc-core-1.7.10-sources.jar
[info] downloading https://repo1.maven.org/maven2/io/dropwizard/metrics/metrics-jmx/4.2.7/metrics-jmx-4.2.7-sources.jar
[info] downloaded https://repo1.maven.org/maven2/io/dropwizard/metrics/metrics-jmx/4.2.7/metrics-jmx-4.2.7-sources.jar
[info] downloading https://repo1.maven.org/maven2/org/apache/commons/commons-math3/3.6.1/commons-math3-3.6.1-sources.jar
[info] downloaded https://repo1.maven.org/maven2/org/lz4/lz4-java/1.8.0/lz4-java-1.8.0-sources.jar
[info] downloading https://repo1.maven.org/maven2/org/apache/spark/spark-sql_2.12/3.3.4/spark-sql_2.12-3.3.4-sources.jar
[info] downloaded https://repo1.maven.org/maven2/org/glassfish/jersey/inject/jersey-hk2/2.36/jersey-hk2-2.36-sources.jar
[info] downloading https://repo1.maven.org/maven2/org/apache/avro/avro/1.11.0/avro-1.11.0-sources.jar
[info] downloaded https://repo1.maven.org/maven2/org/apache/commons/commons-collections4/4.4/commons-collections4-4.4-sources.jar
[info] downloading https://repo1.maven.org/maven2/org/apache/parquet/parquet-encoding/1.12.2/parquet-encoding-1.12.2-sources.jar
[info] downloaded https://repo1.maven.org/maven2/org/apache/avro/avro/1.11.0/avro-1.11.0-sources.jar
[info] downloading https://repo1.maven.org/maven2/org/apache/spark/spark-catalyst_2.12/3.3.4/spark-catalyst_2.12-3.3.4-sources.jar
[info] downloaded https://repo1.maven.org/maven2/dev/ludovic/netlib/blas/2.2.1/blas-2.2.1-sources.jar
[info] downloading https://repo1.maven.org/maven2/io/netty/netty-transport-native-kqueue/4.1.74.Final/netty-transport-native-kqueue-4.1.74.Final-sources.jar
[info] downloaded https://repo1.maven.org/maven2/com/google/protobuf/protobuf-java/3.14.0/protobuf-java-3.14.0-sources.jar
[info] downloading https://repo1.maven.org/maven2/org/apache/logging/log4j/log4j-core/2.17.2/log4j-core-2.17.2-sources.jar
[info] downloaded https://repo1.maven.org/maven2/io/netty/netty-transport-native-kqueue/4.1.74.Final/netty-transport-native-kqueue-4.1.74.Final-sources.jar
[info] downloading https://repo1.maven.org/maven2/org/apache/spark/spark-core_2.12/3.3.4/spark-core_2.12-3.3.4-sources.jar
[info] downloaded https://repo1.maven.org/maven2/org/apache/commons/commons-math3/3.6.1/commons-math3-3.6.1-sources.jar
[info] downloading https://repo1.maven.org/maven2/org/apache/arrow/arrow-format/7.0.0/arrow-format-7.0.0-sources.jar
[info] downloaded https://repo1.maven.org/maven2/org/apache/arrow/arrow-format/7.0.0/arrow-format-7.0.0-sources.jar
[info] downloading https://repo1.maven.org/maven2/org/typelevel/algebra_2.12/2.0.1/algebra_2.12-2.0.1-sources.jar
[info] downloaded https://repo1.maven.org/maven2/org/typelevel/algebra_2.12/2.0.1/algebra_2.12-2.0.1-sources.jar
[info] downloading https://repo1.maven.org/maven2/org/apache/orc/orc-shims/1.7.10/orc-shims-1.7.10-sources.jar
[info] downloaded https://repo1.maven.org/maven2/org/apache/spark/spark-catalyst_2.12/3.3.4/spark-catalyst_2.12-3.3.4-sources.jar
[info] downloading https://repo1.maven.org/maven2/org/apache/spark/spark-sketch_2.12/3.3.4/spark-sketch_2.12-3.3.4-sources.jar
[info] downloaded https://repo1.maven.org/maven2/org/apache/orc/orc-shims/1.7.10/orc-shims-1.7.10-sources.jar
[info] downloading https://repo1.maven.org/maven2/org/apache/arrow/arrow-memory-core/7.0.0/arrow-memory-core-7.0.0-sources.jar
[info] downloaded https://repo1.maven.org/maven2/org/apache/spark/spark-sketch_2.12/3.3.4/spark-sketch_2.12-3.3.4-sources.jar
[info] downloading https://repo1.maven.org/maven2/io/netty/netty-common/4.1.74.Final/netty-common-4.1.74.Final-sources.jar
[info] downloaded https://repo1.maven.org/maven2/org/apache/arrow/arrow-memory-core/7.0.0/arrow-memory-core-7.0.0-sources.jar
[info] downloading https://repo1.maven.org/maven2/org/typelevel/spire-util_2.12/0.17.0/spire-util_2.12-0.17.0-sources.jar
[info] downloaded https://repo1.maven.org/maven2/org/typelevel/spire-util_2.12/0.17.0/spire-util_2.12-0.17.0-sources.jar
[info] downloading https://repo1.maven.org/maven2/org/apache/spark/spark-kvstore_2.12/3.3.4/spark-kvstore_2.12-3.3.4-sources.jar
[info] downloaded https://repo1.maven.org/maven2/io/netty/netty-common/4.1.74.Final/netty-common-4.1.74.Final-sources.jar
[info] downloading https://repo1.maven.org/maven2/io/netty/netty-transport-native-epoll/4.1.74.Final/netty-transport-native-epoll-4.1.74.Final-sources.jar
[info] downloaded https://repo1.maven.org/maven2/org/apache/spark/spark-kvstore_2.12/3.3.4/spark-kvstore_2.12-3.3.4-sources.jar
[info] downloading https://repo1.maven.org/maven2/io/netty/netty-tcnative-classes/2.0.48.Final/netty-tcnative-classes-2.0.48.Final-sources.jar
[info] downloaded https://repo1.maven.org/maven2/io/netty/netty-transport-native-epoll/4.1.74.Final/netty-transport-native-epoll-4.1.74.Final-sources.jar
[info] downloading https://repo1.maven.org/maven2/org/slf4j/jcl-over-slf4j/1.7.32/jcl-over-slf4j-1.7.32-sources.jar
[info] downloaded https://repo1.maven.org/maven2/org/apache/parquet/parquet-encoding/1.12.2/parquet-encoding-1.12.2-sources.jar
[info] downloading https://repo1.maven.org/maven2/org/apache/logging/log4j/log4j-slf4j-impl/2.17.2/log4j-slf4j-impl-2.17.2-sources.jar
[info] downloaded https://repo1.maven.org/maven2/io/netty/netty-tcnative-classes/2.0.48.Final/netty-tcnative-classes-2.0.48.Final-sources.jar
[info] downloading https://repo1.maven.org/maven2/io/netty/netty-transport/4.1.74.Final/netty-transport-4.1.74.Final-sources.jar
[info] downloaded https://repo1.maven.org/maven2/org/slf4j/jcl-over-slf4j/1.7.32/jcl-over-slf4j-1.7.32-sources.jar
[info] downloading https://repo1.maven.org/maven2/org/glassfish/jersey/core/jersey-client/2.36/jersey-client-2.36-sources.jar
[info] downloaded https://repo1.maven.org/maven2/org/apache/spark/spark-sql_2.12/3.3.4/spark-sql_2.12-3.3.4-sources.jar
[info] downloading https://repo1.maven.org/maven2/io/netty/netty-buffer/4.1.74.Final/netty-buffer-4.1.74.Final-sources.jar
[info] downloaded https://repo1.maven.org/maven2/org/apache/logging/log4j/log4j-slf4j-impl/2.17.2/log4j-slf4j-impl-2.17.2-sources.jar
[info] downloading https://repo1.maven.org/maven2/net/sf/py4j/py4j/0.10.9.5/py4j-0.10.9.5-sources.jar
[info] downloaded https://repo1.maven.org/maven2/org/glassfish/jersey/core/jersey-client/2.36/jersey-client-2.36-sources.jar
[info] downloading https://repo1.maven.org/maven2/org/slf4j/slf4j-api/1.7.35/slf4j-api-1.7.35-sources.jar
[info] downloaded https://repo1.maven.org/maven2/io/netty/netty-transport/4.1.74.Final/netty-transport-4.1.74.Final-sources.jar
[info] downloading https://repo1.maven.org/maven2/org/apache/spark/spark-graphx_2.12/3.3.4/spark-graphx_2.12-3.3.4-sources.jar
[info] downloaded https://repo1.maven.org/maven2/org/slf4j/slf4j-api/1.7.35/slf4j-api-1.7.35-sources.jar
[info] downloading https://repo1.maven.org/maven2/com/github/luben/zstd-jni/1.5.2-1/zstd-jni-1.5.2-1-sources.jar
[info] downloaded https://repo1.maven.org/maven2/io/netty/netty-buffer/4.1.74.Final/netty-buffer-4.1.74.Final-sources.jar
[info] downloading https://repo1.maven.org/maven2/com/fasterxml/jackson/module/jackson-module-scala_2.12/2.13.4/jackson-module-scala_2.12-2.13.4-sources.jar
[info] downloaded https://repo1.maven.org/maven2/net/sf/py4j/py4j/0.10.9.5/py4j-0.10.9.5-sources.jar
[info] downloading https://repo1.maven.org/maven2/dev/ludovic/netlib/lapack/2.2.1/lapack-2.2.1-sources.jar
[info] downloaded https://repo1.maven.org/maven2/com/github/luben/zstd-jni/1.5.2-1/zstd-jni-1.5.2-1-sources.jar
[info] downloading https://repo1.maven.org/maven2/org/glassfish/jersey/core/jersey-server/2.36/jersey-server-2.36-sources.jar
[info] downloaded https://repo1.maven.org/maven2/com/fasterxml/jackson/module/jackson-module-scala_2.12/2.13.4/jackson-module-scala_2.12-2.13.4-sources.jar
[info] downloading https://repo1.maven.org/maven2/org/rocksdb/rocksdbjni/6.20.3/rocksdbjni-6.20.3-sources.jar
[info] downloaded https://repo1.maven.org/maven2/org/apache/spark/spark-graphx_2.12/3.3.4/spark-graphx_2.12-3.3.4-sources.jar
[info] downloading https://repo1.maven.org/maven2/org/apache/zookeeper/zookeeper-jute/3.6.2/zookeeper-jute-3.6.2-sources.jar
[info] downloaded https://repo1.maven.org/maven2/dev/ludovic/netlib/lapack/2.2.1/lapack-2.2.1-sources.jar
[info] downloading https://repo1.maven.org/maven2/org/slf4j/jul-to-slf4j/1.7.32/jul-to-slf4j-1.7.32-sources.jar
[info] downloaded https://repo1.maven.org/maven2/org/apache/logging/log4j/log4j-core/2.17.2/log4j-core-2.17.2-sources.jar
[info] downloading https://repo1.maven.org/maven2/com/twitter/chill-java/0.10.0/chill-java-0.10.0-sources.jar
[info] downloaded https://repo1.maven.org/maven2/org/apache/zookeeper/zookeeper-jute/3.6.2/zookeeper-jute-3.6.2-sources.jar
[info] downloading https://repo1.maven.org/maven2/io/airlift/aircompressor/0.21/aircompressor-0.21-sources.jar
[info] downloaded https://repo1.maven.org/maven2/org/slf4j/jul-to-slf4j/1.7.32/jul-to-slf4j-1.7.32-sources.jar
[info] downloading https://repo1.maven.org/maven2/org/roaringbitmap/RoaringBitmap/0.9.25/RoaringBitmap-0.9.25-sources.jar
[info] downloaded https://repo1.maven.org/maven2/com/twitter/chill-java/0.10.0/chill-java-0.10.0-sources.jar
[info] downloading https://repo1.maven.org/maven2/org/apache/spark/spark-mllib-local_2.12/3.3.4/spark-mllib-local_2.12-3.3.4-sources.jar
[info] downloaded https://repo1.maven.org/maven2/io/airlift/aircompressor/0.21/aircompressor-0.21-sources.jar
[info] downloading https://repo1.maven.org/maven2/net/razorvine/pickle/1.2/pickle-1.2-sources.jar
[info] downloaded https://repo1.maven.org/maven2/org/rocksdb/rocksdbjni/6.20.3/rocksdbjni-6.20.3-sources.jar
[info] downloading https://repo1.maven.org/maven2/org/apache/logging/log4j/log4j-1.2-api/2.17.2/log4j-1.2-api-2.17.2-sources.jar
[info] downloaded https://repo1.maven.org/maven2/org/glassfish/jersey/core/jersey-server/2.36/jersey-server-2.36-sources.jar
[info] downloading https://repo1.maven.org/maven2/io/dropwizard/metrics/metrics-core/4.2.7/metrics-core-4.2.7-sources.jar
[info] downloaded https://repo1.maven.org/maven2/net/razorvine/pickle/1.2/pickle-1.2-sources.jar
[info] downloading https://repo1.maven.org/maven2/org/jetbrains/annotations/17.0.0/annotations-17.0.0-sources.jar
[info] downloaded https://repo1.maven.org/maven2/org/apache/spark/spark-mllib-local_2.12/3.3.4/spark-mllib-local_2.12-3.3.4-sources.jar
[info] downloading https://repo1.maven.org/maven2/org/apache/ivy/ivy/2.5.1/ivy-2.5.1-sources.jar
[info] downloaded https://repo1.maven.org/maven2/io/dropwizard/metrics/metrics-core/4.2.7/metrics-core-4.2.7-sources.jar
[info] downloading https://repo1.maven.org/maven2/org/glassfish/jersey/containers/jersey-container-servlet-core/2.36/jersey-container-servlet-core-2.36-sources.jar
[info] downloaded https://repo1.maven.org/maven2/org/jetbrains/annotations/17.0.0/annotations-17.0.0-sources.jar
[info] downloading https://repo1.maven.org/maven2/org/antlr/antlr4-runtime/4.8/antlr4-runtime-4.8-sources.jar
[info] downloaded https://repo1.maven.org/maven2/org/apache/logging/log4j/log4j-1.2-api/2.17.2/log4j-1.2-api-2.17.2-sources.jar
[info] downloading https://repo1.maven.org/maven2/org/apache/spark/spark-network-common_2.12/3.3.4/spark-network-common_2.12-3.3.4-sources.jar
[info] downloaded https://repo1.maven.org/maven2/org/glassfish/jersey/containers/jersey-container-servlet-core/2.36/jersey-container-servlet-core-2.36-sources.jar
[info] downloading https://repo1.maven.org/maven2/org/scalanlp/breeze_2.12/1.2/breeze_2.12-1.2-sources.jar
[info] downloaded https://repo1.maven.org/maven2/org/roaringbitmap/RoaringBitmap/0.9.25/RoaringBitmap-0.9.25-sources.jar
[info] downloading https://repo1.maven.org/maven2/org/tukaani/xz/1.9/xz-1.9-sources.jar
[info] downloaded https://repo1.maven.org/maven2/org/apache/spark/spark-network-common_2.12/3.3.4/spark-network-common_2.12-3.3.4-sources.jar
[info] downloading https://repo1.maven.org/maven2/org/apache/spark/spark-mllib_2.12/3.3.4/spark-mllib_2.12-3.3.4-sources.jar
[info] downloaded https://repo1.maven.org/maven2/org/antlr/antlr4-runtime/4.8/antlr4-runtime-4.8-sources.jar
[info] downloading https://repo1.maven.org/maven2/org/typelevel/cats-kernel_2.12/2.1.1/cats-kernel_2.12-2.1.1-sources.jar
[info] downloaded https://repo1.maven.org/maven2/org/scalanlp/breeze_2.12/1.2/breeze_2.12-1.2-sources.jar
[info] downloading https://repo1.maven.org/maven2/commons-logging/commons-logging/1.1.3/commons-logging-1.1.3-sources.jar
[info] downloaded https://repo1.maven.org/maven2/org/tukaani/xz/1.9/xz-1.9-sources.jar
[info] downloading https://repo1.maven.org/maven2/io/netty/netty-all/4.1.74.Final/netty-all-4.1.74.Final-sources.jar
[info] downloaded https://repo1.maven.org/maven2/commons-logging/commons-logging/1.1.3/commons-logging-1.1.3-sources.jar
[info] downloading https://repo1.maven.org/maven2/org/apache/spark/spark-streaming_2.12/3.3.4/spark-streaming_2.12-3.3.4-sources.jar
[info] downloaded https://repo1.maven.org/maven2/org/typelevel/cats-kernel_2.12/2.1.1/cats-kernel_2.12-2.1.1-sources.jar
[info] downloading https://repo1.maven.org/maven2/org/glassfish/jersey/containers/jersey-container-servlet/2.36/jersey-container-servlet-2.36-sources.jar
[info] downloaded https://repo1.maven.org/maven2/org/apache/spark/spark-core_2.12/3.3.4/spark-core_2.12-3.3.4-sources.jar
[info] downloading https://repo1.maven.org/maven2/org/apache/arrow/arrow-vector/7.0.0/arrow-vector-7.0.0-sources.jar
[info] downloaded https://repo1.maven.org/maven2/org/glassfish/jersey/containers/jersey-container-servlet/2.36/jersey-container-servlet-2.36-sources.jar
[info] downloading https://repo1.maven.org/maven2/org/scalanlp/breeze-macros_2.12/1.2/breeze-macros_2.12-1.2-sources.jar
[info] downloaded https://repo1.maven.org/maven2/io/netty/netty-all/4.1.74.Final/netty-all-4.1.74.Final-sources.jar
[info] downloading https://repo1.maven.org/maven2/org/apache/spark/spark-launcher_2.12/3.3.4/spark-launcher_2.12-3.3.4-sources.jar
[info] downloaded https://repo1.maven.org/maven2/org/scalanlp/breeze-macros_2.12/1.2/breeze-macros_2.12-1.2-sources.jar
[info] downloading https://repo1.maven.org/maven2/commons-io/commons-io/2.11.0/commons-io-2.11.0-sources.jar
[info] downloaded https://repo1.maven.org/maven2/org/apache/spark/spark-streaming_2.12/3.3.4/spark-streaming_2.12-3.3.4-sources.jar
[info] downloading https://repo1.maven.org/maven2/org/apache/xbean/xbean-asm9-shaded/4.20/xbean-asm9-shaded-4.20-sources.jar
[info] downloaded https://repo1.maven.org/maven2/org/apache/spark/spark-mllib_2.12/3.3.4/spark-mllib_2.12-3.3.4-sources.jar
[info] downloading https://repo1.maven.org/maven2/io/dropwizard/metrics/metrics-jvm/4.2.7/metrics-jvm-4.2.7-sources.jar
[info] downloaded https://repo1.maven.org/maven2/org/apache/spark/spark-launcher_2.12/3.3.4/spark-launcher_2.12-3.3.4-sources.jar
[info] downloading https://repo1.maven.org/maven2/dev/ludovic/netlib/arpack/2.2.1/arpack-2.2.1-sources.jar
[info] downloaded https://repo1.maven.org/maven2/io/dropwizard/metrics/metrics-jvm/4.2.7/metrics-jvm-4.2.7-sources.jar
[info] downloading https://repo1.maven.org/maven2/com/google/crypto/tink/tink/1.6.1/tink-1.6.1-sources.jar
[info] downloaded https://repo1.maven.org/maven2/org/apache/ivy/ivy/2.5.1/ivy-2.5.1-sources.jar
[info] downloading https://repo1.maven.org/maven2/org/apache/parquet/parquet-column/1.12.2/parquet-column-1.12.2-sources.jar
[info] downloaded https://repo1.maven.org/maven2/dev/ludovic/netlib/arpack/2.2.1/arpack-2.2.1-sources.jar
[info] downloading https://repo1.maven.org/maven2/org/apache/commons/commons-lang3/3.12.0/commons-lang3-3.12.0-sources.jar
[info] downloaded https://repo1.maven.org/maven2/org/apache/xbean/xbean-asm9-shaded/4.20/xbean-asm9-shaded-4.20-sources.jar
[info] downloading https://repo1.maven.org/maven2/com/google/flatbuffers/flatbuffers-java/1.12.0/flatbuffers-java-1.12.0-sources.jar
[info] downloaded https://repo1.maven.org/maven2/commons-io/commons-io/2.11.0/commons-io-2.11.0-sources.jar
[info] downloading https://repo1.maven.org/maven2/org/apache/logging/log4j/log4j-api/2.17.2/log4j-api-2.17.2-sources.jar
[info] downloaded https://repo1.maven.org/maven2/com/google/flatbuffers/flatbuffers-java/1.12.0/flatbuffers-java-1.12.0-sources.jar
[info] downloading https://repo1.maven.org/maven2/commons-codec/commons-codec/1.15/commons-codec-1.15-sources.jar
[info] downloaded https://repo1.maven.org/maven2/org/apache/arrow/arrow-vector/7.0.0/arrow-vector-7.0.0-sources.jar
[info] downloading https://repo1.maven.org/maven2/org/apache/parquet/parquet-format-structures/1.12.2/parquet-format-structures-1.12.2-sources.jar
[info] downloaded https://repo1.maven.org/maven2/org/apache/parquet/parquet-column/1.12.2/parquet-column-1.12.2-sources.jar
[info] downloading https://repo1.maven.org/maven2/org/apache/hadoop/hadoop-client-api/3.3.2/hadoop-client-api-3.3.2-sources.jar
[info] downloaded https://repo1.maven.org/maven2/commons-codec/commons-codec/1.15/commons-codec-1.15-sources.jar
[info] downloading https://repo1.maven.org/maven2/org/roaringbitmap/shims/0.9.25/shims-0.9.25-sources.jar
[info] downloaded https://repo1.maven.org/maven2/org/apache/logging/log4j/log4j-api/2.17.2/log4j-api-2.17.2-sources.jar
[info] downloading https://repo1.maven.org/maven2/io/netty/netty-transport-native-unix-common/4.1.74.Final/netty-transport-native-unix-common-4.1.74.Final-sources.jar
[info] downloaded https://repo1.maven.org/maven2/com/google/crypto/tink/tink/1.6.1/tink-1.6.1-sources.jar
[info] downloading https://repo1.maven.org/maven2/org/json4s/json4s-scalap_2.12/3.7.0-M11/json4s-scalap_2.12-3.7.0-M11-sources.jar
[info] downloaded https://repo1.maven.org/maven2/org/roaringbitmap/shims/0.9.25/shims-0.9.25-sources.jar
[info] downloading https://repo1.maven.org/maven2/com/fasterxml/jackson/core/jackson-annotations/2.13.4/jackson-annotations-2.13.4-sources.jar
[info] downloaded https://repo1.maven.org/maven2/org/json4s/json4s-scalap_2.12/3.7.0-M11/json4s-scalap_2.12-3.7.0-M11-sources.jar
[info] downloading https://repo1.maven.org/maven2/org/xerial/snappy/snappy-java/1.1.8.4/snappy-java-1.1.8.4-sources.jar
[info] downloaded https://repo1.maven.org/maven2/io/netty/netty-transport-native-unix-common/4.1.74.Final/netty-transport-native-unix-common-4.1.74.Final-sources.jar
[info] downloading https://repo1.maven.org/maven2/org/apache/yetus/audience-annotations/0.12.0/audience-annotations-0.12.0-sources.jar
[info] downloaded https://repo1.maven.org/maven2/com/fasterxml/jackson/core/jackson-annotations/2.13.4/jackson-annotations-2.13.4-sources.jar
[info] downloading https://repo1.maven.org/maven2/org/apache/hadoop/hadoop-client-runtime/3.3.2/hadoop-client-runtime-3.3.2-sources.jar
[info] downloaded https://repo1.maven.org/maven2/org/apache/parquet/parquet-format-structures/1.12.2/parquet-format-structures-1.12.2-sources.jar
[info] downloading https://repo1.maven.org/maven2/org/apache/spark/spark-network-shuffle_2.12/3.3.4/spark-network-shuffle_2.12-3.3.4-sources.jar
[info] downloaded https://repo1.maven.org/maven2/org/apache/yetus/audience-annotations/0.12.0/audience-annotations-0.12.0-sources.jar
[info] downloading https://repo1.maven.org/maven2/org/apache/arrow/arrow-memory-netty/7.0.0/arrow-memory-netty-7.0.0-sources.jar
[info] downloaded https://repo1.maven.org/maven2/org/apache/arrow/arrow-memory-netty/7.0.0/arrow-memory-netty-7.0.0-sources.jar
[info] downloading https://repo1.maven.org/maven2/com/fasterxml/jackson/core/jackson-databind/2.13.4.2/jackson-databind-2.13.4.2-sources.jar
[info] downloaded https://repo1.maven.org/maven2/org/apache/hadoop/hadoop-client-runtime/3.3.2/hadoop-client-runtime-3.3.2-sources.jar
[info] downloading https://repo1.maven.org/maven2/javax/annotation/javax.annotation-api/1.3.2/javax.annotation-api-1.3.2-sources.jar
[info] downloaded https://repo1.maven.org/maven2/org/apache/commons/commons-lang3/3.12.0/commons-lang3-3.12.0-sources.jar
[info] downloading https://repo1.maven.org/maven2/org/json4s/json4s-jackson_2.12/3.7.0-M11/json4s-jackson_2.12-3.7.0-M11-sources.jar
[info] downloaded https://repo1.maven.org/maven2/javax/annotation/javax.annotation-api/1.3.2/javax.annotation-api-1.3.2-sources.jar
[info] downloading https://repo1.maven.org/maven2/io/dropwizard/metrics/metrics-graphite/4.2.7/metrics-graphite-4.2.7-sources.jar
